--- Startup times for process: Primary (or UI client) ---

times in msec
 clock   self+sourced   self:  sourced script
 clock   elapsed:              other lines

000.001  000.001: --- NVIM STARTING ---
000.200  000.200: event init
000.613  000.412: early init
001.232  000.620: locale set
001.277  000.045: init first window
001.910  000.633: inits 1
001.920  000.010: window checked
002.271  000.351: parsing arguments
003.096  000.049  000.049: require('vim.shared')
003.197  000.042  000.042: require('vim.inspect')
003.244  000.038  000.038: require('vim._options')
003.247  000.147  000.068: require('vim._editor')
003.248  000.247  000.051: require('vim._init_packages')
003.250  000.732: init lua interpreter
007.315  004.065: nvim_ui_attach
007.656  000.341: nvim_set_client_info
007.658  000.002: --- NVIM STARTED ---

--- Startup times for process: Embedded ---

times in msec
 clock   self+sourced   self:  sourced script
 clock   elapsed:              other lines

000.000  000.000: --- NVIM STARTING ---
000.064  000.063: event init
000.207  000.144: early init
000.545  000.338: locale set
000.570  000.025: init first window
000.899  000.329: inits 1
000.913  000.013: window checked
001.001  000.088: parsing arguments
001.395  000.037  000.037: require('vim.shared')
001.465  000.029  000.029: require('vim.inspect')
001.499  000.027  000.027: require('vim._options')
001.500  000.103  000.047: require('vim._editor')
001.502  000.172  000.033: require('vim._init_packages')
001.504  000.330: init lua interpreter
003.630  002.127: expanding arguments
003.642  000.012: inits 2
003.876  000.235: init highlight
003.877  000.001: waiting for UI
003.990  000.113: done waiting for UI
003.995  000.005: clear screen
004.114  000.013  000.013: require('vim.keymap')
005.152  000.152  000.152: sourcing nvim_exec2()
006.188  000.970  000.970: require('vim.termcap')
006.222  000.024  000.024: require('vim.text')
006.376  002.379  001.220: require('vim._defaults')
006.377  000.004: init default mappings & autocommands
006.633  000.182  000.182: sourcing /opt/homebrew/Cellar/neovim/0.11.4/share/nvim/runtime/ftplugin.vim
006.841  000.140  000.140: sourcing /opt/homebrew/Cellar/neovim/0.11.4/share/nvim/runtime/indent.vim
007.327  000.210  000.210: require('config.globals')
009.473  000.005  000.005: require('vim.F')
009.503  001.783  001.778: require('vim.diagnostic')
009.517  002.189  000.405: require('config.keymaps')
009.869  000.351  000.351: require('config.options')
011.514  001.380  001.380: sourcing /Users/larsklemstein/.local/share/nvim/site/autoload/plug.vim
015.303  000.152  000.152: sourcing nvim_exec2() called at /opt/homebrew/Cellar/neovim/0.11.4/share/nvim/runtime/filetype.lua:0
015.306  000.399  000.248: sourcing /opt/homebrew/Cellar/neovim/0.11.4/share/nvim/runtime/filetype.lua
015.469  000.020  000.020: sourcing /opt/homebrew/Cellar/neovim/0.11.4/share/nvim/runtime/ftplugin.vim
015.595  000.006  000.006: sourcing /opt/homebrew/Cellar/neovim/0.11.4/share/nvim/runtime/indent.vim
016.112  000.150  000.150: sourcing /opt/homebrew/Cellar/neovim/0.11.4/share/nvim/runtime/syntax/synload.vim
016.169  000.499  000.349: sourcing /opt/homebrew/Cellar/neovim/0.11.4/share/nvim/runtime/syntax/syntax.vim
016.178  006.308  004.003: require('config.plugins_load')
017.411  000.269  000.269: require('nvim-tree.log')
018.361  000.258  000.258: require('nvim-tree.iterators.node-iterator')
018.388  000.976  000.718: require('nvim-tree.utils')
019.655  000.235  000.235: require('nvim-tree.notify')
019.661  000.390  000.154: require('nvim-tree.events')
019.665  000.525  000.135: require('nvim-tree.core')
020.223  000.257  000.257: require('nvim-tree.git.utils')
020.367  000.143  000.143: require('nvim-tree.renderer.components.devicons')
020.656  000.145  000.145: require('nvim-tree.classic')
020.668  000.300  000.155: require('nvim-tree.node')
020.676  001.010  000.310: require('nvim-tree.node.directory')
020.677  001.754  000.220: require('nvim-tree.actions.finders.find-file')
020.874  000.196  000.196: require('nvim-tree.actions.finders.search-node')
020.876  002.292  000.342: require('nvim-tree.actions.finders')
021.301  000.138  000.138: require('nvim-tree.node.file')
021.303  000.323  000.185: require('nvim-tree.actions.fs.create-file')
021.815  000.231  000.231: require('nvim-tree.lib')
022.030  000.093  000.093: require('nvim-tree.node.link')
022.068  000.252  000.158: require('nvim-tree.node.directory-link')
022.070  000.766  000.284: require('nvim-tree.actions.fs.remove-file')
022.345  000.273  000.273: require('nvim-tree.actions.fs.rename-file')
022.494  000.149  000.149: require('nvim-tree.actions.fs.trash')
022.496  001.619  000.108: require('nvim-tree.actions.fs')
023.133  000.306  000.306: require('nvim-tree.diagnostics')
023.135  000.544  000.238: require('nvim-tree.actions.moves.item')
023.243  000.106  000.106: require('nvim-tree.actions.moves.parent')
023.354  000.110  000.110: require('nvim-tree.actions.moves.sibling')
023.355  000.858  000.098: require('nvim-tree.actions.moves')
023.583  000.131  000.131: require('nvim-tree.actions.node.file-popup')
024.532  000.284  000.284: require('nvim-tree.appearance')
024.534  000.571  000.287: require('nvim-tree.renderer.components.full-name')
024.536  000.952  000.381: require('nvim-tree.actions.node.open-file')
024.636  000.100  000.100: require('nvim-tree.actions.node.run-command')
024.765  000.128  000.128: require('nvim-tree.actions.node.system-open')
024.878  000.111  000.111: require('nvim-tree.actions.node.buffer')
024.879  001.523  000.102: require('nvim-tree.actions.node')
025.106  000.134  000.134: require('nvim-tree.actions.root.change-dir')
025.203  000.095  000.095: require('nvim-tree.actions.root.dir-up')
025.204  000.324  000.095: require('nvim-tree.actions.root')
025.411  000.111  000.111: require('nvim-tree.actions.tree.find-file')
025.628  000.123  000.123: require('nvim-tree.actions.tree.modifiers.collapse')
025.762  000.133  000.133: require('nvim-tree.actions.tree.modifiers.expand')
025.763  000.351  000.096: require('nvim-tree.actions.tree.modifiers')
025.870  000.106  000.106: require('nvim-tree.actions.tree.open')
025.986  000.115  000.115: require('nvim-tree.actions.tree.toggle')
026.087  000.100  000.100: require('nvim-tree.actions.tree.resize')
026.088  000.884  000.100: require('nvim-tree.actions.tree')
026.089  007.700  000.199: require('nvim-tree.actions')
026.104  009.698  000.752: require('nvim-tree')
026.251  000.132  000.132: require('nvim-tree.legacy')
026.718  000.012  000.012: sourcing nvim_exec2() called at /Users/larsklemstein/.dotfiles/config/nvim/init.lua:0
026.723  000.003  000.003: sourcing nvim_exec2() called at /Users/larsklemstein/.dotfiles/config/nvim/init.lua:0
026.911  000.179  000.179: require('nvim-tree.keymap')
028.068  000.103  000.103: require('nvim-tree.buffers')
028.592  000.205  000.205: require('nvim-tree.git.runner')
028.855  000.262  000.262: require('nvim-tree.watcher')
028.862  000.793  000.325: require('nvim-tree.git')
029.112  000.147  000.147: require('nvim-tree.node.file-link')
029.114  000.251  000.104: require('nvim-tree.node.factory')
029.245  000.130  000.130: require('nvim-tree.node.root')
029.517  000.084  000.084: require('nvim-tree.enum')
029.521  000.276  000.192: require('nvim-tree.explorer.filters')
029.856  000.334  000.334: require('nvim-tree.marks')
030.059  000.202  000.202: require('nvim-tree.explorer.live-filter')
030.288  000.229  000.229: require('nvim-tree.explorer.sorter')
030.622  000.333  000.333: require('nvim-tree.actions.fs.clipboard')
031.693  000.231  000.231: require('nvim-tree.renderer.decorator')
031.695  000.449  000.218: require('nvim-tree.renderer.decorator.bookmarks')
031.848  000.153  000.153: require('nvim-tree.renderer.decorator.copied')
031.964  000.115  000.115: require('nvim-tree.renderer.decorator.cut')
032.124  000.159  000.159: require('nvim-tree.renderer.decorator.diagnostics')
032.436  000.311  000.311: require('nvim-tree.renderer.decorator.git')
032.562  000.125  000.125: require('nvim-tree.renderer.decorator.hidden')
032.677  000.114  000.114: require('nvim-tree.renderer.decorator.modified')
032.765  000.088  000.088: require('nvim-tree.renderer.decorator.opened')
032.849  000.083  000.083: require('nvim-tree.renderer.decorator.user')
033.098  000.248  000.248: require('nvim-tree.renderer.components.padding')
033.101  002.210  000.366: require('nvim-tree.renderer.builder')
033.104  002.482  000.271: require('nvim-tree.renderer')
033.887  000.188  000.188: require('nvim-tree.globals')
033.893  000.789  000.601: require('nvim-tree.explorer.view')
033.898  006.526  000.606: require('nvim-tree.explorer')
034.046  000.147  000.147: require('nvim-tree.explorer.watch')
034.133  000.085  000.085: require('nvim-tree.renderer.components')
034.722  000.235  000.235: require('nvim-web-devicons.filetypes')
035.309  000.432  000.432: require('nvim-web-devicons.default.icons_by_filename')
036.071  000.761  000.761: require('nvim-web-devicons.default.icons_by_file_extension')
036.273  000.181  000.181: require('nvim-web-devicons.default.icons_by_operating_system')
036.460  000.186  000.186: require('nvim-web-devicons.default.icons_by_desktop_environment')
036.648  000.187  000.187: require('nvim-web-devicons.default.icons_by_window_manager')
036.649  001.919  000.172: require('nvim-web-devicons.icons-default')
036.842  002.707  000.553: require('nvim-web-devicons')
038.579  000.293  000.293: require('nvim-tree.help')
039.138  000.251  000.251: require('nvim-tree.appearance.hi-test')
039.194  000.614  000.363: require('nvim-tree.api')
039.305  000.110  000.110: require('nvim-tree.multi-instance-debug')
039.445  000.129  000.129: require('nvim-tree.commands')
039.559  023.378  002.744: require('config.nvim_tree')
040.444  000.712  000.712: require('telescope.builtin')
040.851  000.200  000.200: require('telescope._extensions')
040.853  000.396  000.197: require('telescope')
042.611  000.311  000.311: require('plenary.bit')
042.811  000.199  000.199: require('plenary.functional')
042.833  000.013  000.013: require('ffi')
042.851  001.277  000.754: require('plenary.path')
042.859  001.539  000.262: require('plenary.strings')
042.961  000.101  000.101: require('telescope.deprecated')
043.747  000.273  000.273: require('plenary.log')
043.807  000.480  000.207: require('telescope.log')
044.895  000.158  000.158: require('plenary.compat')
044.898  000.585  000.427: require('plenary.job')
045.072  000.173  000.173: require('telescope.state')
045.082  001.274  000.516: require('telescope.utils')
045.085  002.124  000.369: require('telescope.sorters')
045.901  005.047  001.283: require('telescope.config')
046.511  006.951  000.796: require('config.telescope')
046.691  000.180  000.180: require('config.blamer')
047.582  000.182  000.182: require('lualine_require')
047.976  001.117  000.935: require('lualine')
048.219  000.005  000.005: sourcing nvim_exec2() called at /Users/larsklemstein/.dotfiles/config/nvim/init.lua:0
048.978  000.334  000.334: require('lualine.highlight')
049.592  000.002  000.002: sourcing nvim_exec2() called at /Users/larsklemstein/.dotfiles/config/nvim/init.lua:0
049.598  000.001  000.001: sourcing nvim_exec2() called at /Users/larsklemstein/.dotfiles/config/nvim/init.lua:0
049.601  000.001  000.001: sourcing nvim_exec2() called at /Users/larsklemstein/.dotfiles/config/nvim/init.lua:0
049.605  000.002  000.002: sourcing nvim_exec2() called at /Users/larsklemstein/.dotfiles/config/nvim/init.lua:0
049.608  000.001  000.001: sourcing nvim_exec2() called at /Users/larsklemstein/.dotfiles/config/nvim/init.lua:0
049.611  000.001  000.001: sourcing nvim_exec2() called at /Users/larsklemstein/.dotfiles/config/nvim/init.lua:0
049.614  000.001  000.001: sourcing nvim_exec2() called at /Users/larsklemstein/.dotfiles/config/nvim/init.lua:0
049.617  000.001  000.001: sourcing nvim_exec2() called at /Users/larsklemstein/.dotfiles/config/nvim/init.lua:0
049.620  000.001  000.001: sourcing nvim_exec2() called at /Users/larsklemstein/.dotfiles/config/nvim/init.lua:0
049.624  000.001  000.001: sourcing nvim_exec2() called at /Users/larsklemstein/.dotfiles/config/nvim/init.lua:0
049.627  000.001  000.001: sourcing nvim_exec2() called at /Users/larsklemstein/.dotfiles/config/nvim/init.lua:0
049.629  000.001  000.001: sourcing nvim_exec2() called at /Users/larsklemstein/.dotfiles/config/nvim/init.lua:0
049.632  000.001  000.001: sourcing nvim_exec2() called at /Users/larsklemstein/.dotfiles/config/nvim/init.lua:0
049.635  000.001  000.001: sourcing nvim_exec2() called at /Users/larsklemstein/.dotfiles/config/nvim/init.lua:0
049.637  000.001  000.001: sourcing nvim_exec2() called at /Users/larsklemstein/.dotfiles/config/nvim/init.lua:0
049.640  000.001  000.001: sourcing nvim_exec2() called at /Users/larsklemstein/.dotfiles/config/nvim/init.lua:0
049.642  000.001  000.001: sourcing nvim_exec2() called at /Users/larsklemstein/.dotfiles/config/nvim/init.lua:0
049.645  000.001  000.001: sourcing nvim_exec2() called at /Users/larsklemstein/.dotfiles/config/nvim/init.lua:0
049.647  000.001  000.001: sourcing nvim_exec2() called at /Users/larsklemstein/.dotfiles/config/nvim/init.lua:0
049.651  000.001  000.001: sourcing nvim_exec2() called at /Users/larsklemstein/.dotfiles/config/nvim/init.lua:0
049.653  000.001  000.001: sourcing nvim_exec2() called at /Users/larsklemstein/.dotfiles/config/nvim/init.lua:0
049.656  000.001  000.001: sourcing nvim_exec2() called at /Users/larsklemstein/.dotfiles/config/nvim/init.lua:0
049.661  000.004  000.004: sourcing nvim_exec2() called at /Users/larsklemstein/.dotfiles/config/nvim/init.lua:0
050.442  000.081  000.081: require('lualine.utils.mode')
051.098  000.003  000.003: sourcing nvim_exec2() called at /Users/larsklemstein/.dotfiles/config/nvim/init.lua:0
051.102  000.002  000.002: sourcing nvim_exec2() called at /Users/larsklemstein/.dotfiles/config/nvim/init.lua:0
051.227  000.002  000.002: sourcing nvim_exec2() called at /Users/larsklemstein/.dotfiles/config/nvim/init.lua:0
051.231  000.001  000.001: sourcing nvim_exec2() called at /Users/larsklemstein/.dotfiles/config/nvim/init.lua:0
051.234  000.001  000.001: sourcing nvim_exec2() called at /Users/larsklemstein/.dotfiles/config/nvim/init.lua:0
051.237  000.001  000.001: sourcing nvim_exec2() called at /Users/larsklemstein/.dotfiles/config/nvim/init.lua:0
051.240  000.001  000.001: sourcing nvim_exec2() called at /Users/larsklemstein/.dotfiles/config/nvim/init.lua:0
051.242  000.001  000.001: sourcing nvim_exec2() called at /Users/larsklemstein/.dotfiles/config/nvim/init.lua:0
051.245  000.001  000.001: sourcing nvim_exec2() called at /Users/larsklemstein/.dotfiles/config/nvim/init.lua:0
051.258  000.001  000.001: sourcing nvim_exec2() called at /Users/larsklemstein/.dotfiles/config/nvim/init.lua:0
051.261  000.001  000.001: sourcing nvim_exec2() called at /Users/larsklemstein/.dotfiles/config/nvim/init.lua:0
051.264  000.001  000.001: sourcing nvim_exec2() called at /Users/larsklemstein/.dotfiles/config/nvim/init.lua:0
051.267  000.001  000.001: sourcing nvim_exec2() called at /Users/larsklemstein/.dotfiles/config/nvim/init.lua:0
051.280  000.001  000.001: sourcing nvim_exec2() called at /Users/larsklemstein/.dotfiles/config/nvim/init.lua:0
051.286  000.001  000.001: sourcing nvim_exec2() called at /Users/larsklemstein/.dotfiles/config/nvim/init.lua:0
051.288  000.001  000.001: sourcing nvim_exec2() called at /Users/larsklemstein/.dotfiles/config/nvim/init.lua:0
051.314  000.001  000.001: sourcing nvim_exec2() called at /Users/larsklemstein/.dotfiles/config/nvim/init.lua:0
051.319  000.001  000.001: sourcing nvim_exec2() called at /Users/larsklemstein/.dotfiles/config/nvim/init.lua:0
051.350  000.001  000.001: sourcing nvim_exec2() called at /Users/larsklemstein/.dotfiles/config/nvim/init.lua:0
051.353  000.001  000.001: sourcing nvim_exec2() called at /Users/larsklemstein/.dotfiles/config/nvim/init.lua:0
051.355  000.001  000.001: sourcing nvim_exec2() called at /Users/larsklemstein/.dotfiles/config/nvim/init.lua:0
051.358  000.001  000.001: sourcing nvim_exec2() called at /Users/larsklemstein/.dotfiles/config/nvim/init.lua:0
051.361  000.001  000.001: sourcing nvim_exec2() called at /Users/larsklemstein/.dotfiles/config/nvim/init.lua:0
051.467  000.003  000.003: sourcing nvim_exec2() called at /Users/larsklemstein/.dotfiles/config/nvim/init.lua:0
051.470  000.001  000.001: sourcing nvim_exec2() called at /Users/larsklemstein/.dotfiles/config/nvim/init.lua:0
051.472  000.001  000.001: sourcing nvim_exec2() called at /Users/larsklemstein/.dotfiles/config/nvim/init.lua:0
051.475  000.001  000.001: sourcing nvim_exec2() called at /Users/larsklemstein/.dotfiles/config/nvim/init.lua:0
052.066  000.001  000.001: sourcing nvim_exec2() called at /Users/larsklemstein/.dotfiles/config/nvim/init.lua:0
052.069  000.001  000.001: sourcing nvim_exec2() called at /Users/larsklemstein/.dotfiles/config/nvim/init.lua:0
052.072  000.001  000.001: sourcing nvim_exec2() called at /Users/larsklemstein/.dotfiles/config/nvim/init.lua:0
052.074  000.001  000.001: sourcing nvim_exec2() called at /Users/larsklemstein/.dotfiles/config/nvim/init.lua:0
052.088  000.001  000.001: sourcing nvim_exec2() called at /Users/larsklemstein/.dotfiles/config/nvim/init.lua:0
052.092  000.001  000.001: sourcing nvim_exec2() called at /Users/larsklemstein/.dotfiles/config/nvim/init.lua:0
052.094  000.001  000.001: sourcing nvim_exec2() called at /Users/larsklemstein/.dotfiles/config/nvim/init.lua:0
052.099  000.001  000.001: sourcing nvim_exec2() called at /Users/larsklemstein/.dotfiles/config/nvim/init.lua:0
052.102  000.001  000.001: sourcing nvim_exec2() called at /Users/larsklemstein/.dotfiles/config/nvim/init.lua:0
052.104  000.001  000.001: sourcing nvim_exec2() called at /Users/larsklemstein/.dotfiles/config/nvim/init.lua:0
052.107  000.001  000.001: sourcing nvim_exec2() called at /Users/larsklemstein/.dotfiles/config/nvim/init.lua:0
052.109  000.001  000.001: sourcing nvim_exec2() called at /Users/larsklemstein/.dotfiles/config/nvim/init.lua:0
052.112  000.001  000.001: sourcing nvim_exec2() called at /Users/larsklemstein/.dotfiles/config/nvim/init.lua:0
052.114  000.001  000.001: sourcing nvim_exec2() called at /Users/larsklemstein/.dotfiles/config/nvim/init.lua:0
052.118  000.001  000.001: sourcing nvim_exec2() called at /Users/larsklemstein/.dotfiles/config/nvim/init.lua:0
052.121  000.001  000.001: sourcing nvim_exec2() called at /Users/larsklemstein/.dotfiles/config/nvim/init.lua:0
052.123  000.001  000.001: sourcing nvim_exec2() called at /Users/larsklemstein/.dotfiles/config/nvim/init.lua:0
052.125  000.001  000.001: sourcing nvim_exec2() called at /Users/larsklemstein/.dotfiles/config/nvim/init.lua:0
052.127  000.001  000.001: sourcing nvim_exec2() called at /Users/larsklemstein/.dotfiles/config/nvim/init.lua:0
052.130  000.001  000.001: sourcing nvim_exec2() called at /Users/larsklemstein/.dotfiles/config/nvim/init.lua:0
052.132  000.001  000.001: sourcing nvim_exec2() called at /Users/larsklemstein/.dotfiles/config/nvim/init.lua:0
052.135  000.001  000.001: sourcing nvim_exec2() called at /Users/larsklemstein/.dotfiles/config/nvim/init.lua:0
052.139  000.001  000.001: sourcing nvim_exec2() called at /Users/larsklemstein/.dotfiles/config/nvim/init.lua:0
052.141  000.001  000.001: sourcing nvim_exec2() called at /Users/larsklemstein/.dotfiles/config/nvim/init.lua:0
052.144  000.001  000.001: sourcing nvim_exec2() called at /Users/larsklemstein/.dotfiles/config/nvim/init.lua:0
052.146  000.001  000.001: sourcing nvim_exec2() called at /Users/larsklemstein/.dotfiles/config/nvim/init.lua:0
052.149  000.001  000.001: sourcing nvim_exec2() called at /Users/larsklemstein/.dotfiles/config/nvim/init.lua:0
052.151  000.001  000.001: sourcing nvim_exec2() called at /Users/larsklemstein/.dotfiles/config/nvim/init.lua:0
052.768  000.007  000.007: sourcing nvim_exec2() called at /Users/larsklemstein/.dotfiles/config/nvim/init.lua:0
052.783  000.004  000.004: sourcing nvim_exec2() called at /Users/larsklemstein/.dotfiles/config/nvim/init.lua:0
052.795  000.010  000.010: sourcing nvim_exec2() called at /Users/larsklemstein/.dotfiles/config/nvim/init.lua:0
052.801  000.003  000.003: sourcing nvim_exec2() called at /Users/larsklemstein/.dotfiles/config/nvim/init.lua:0
052.805  000.002  000.002: sourcing nvim_exec2() called at /Users/larsklemstein/.dotfiles/config/nvim/init.lua:0
052.809  006.117  004.473: require('config.lualine')
053.131  000.004  000.004: sourcing nvim_exec2() called at /Users/larsklemstein/.dotfiles/config/nvim/init.lua:0
054.340  000.021  000.021: require('vim.fs')
054.350  000.297  000.277: require('vim.lsp.log')
055.417  001.066  001.066: require('vim.lsp.protocol')
056.266  000.848  000.848: require('vim.lsp.util')
056.847  000.269  000.269: require('vim.lsp.sync')
056.849  000.582  000.313: require('vim.lsp._changetracking')
057.388  000.249  000.249: require('vim.lsp._transport')
057.395  000.545  000.296: require('vim.lsp.rpc')
057.429  004.297  000.959: require('vim.lsp')
057.797  000.366  000.366: require('vim.lsp.completion')
058.706  000.432  000.432: require('lspconfig.util')
058.895  000.188  000.188: require('lspconfig.async')
058.896  000.912  000.293: require('lspconfig.configs')
058.903  001.101  000.189: require('lspconfig')
059.566  000.316  000.316: require('cmp_nvim_lsp.source')
059.568  000.607  000.291: require('cmp_nvim_lsp')
059.744  000.168  000.168: require('lspconfig.configs.bashls')
060.097  000.245  000.245: require('lspconfig.manager')
060.270  000.172  000.172: require('lspconfig.configs.gopls')
060.565  000.276  000.276: require('vim.iter')
060.827  000.221  000.221: require('lspconfig.configs.groovyls')
061.011  000.137  000.137: require('lspconfig.configs.lua_ls')
061.212  000.172  000.172: require('lspconfig.configs.pyright')
061.497  000.256  000.256: require('lspconfig.configs.jedi_language_server')
061.679  000.092  000.092: require('lspconfig.configs.rust_analyzer')
061.866  000.175  000.175: require('lspconfig.configs.terraformls')
062.114  000.221  000.221: require('lspconfig.configs.ts_ls')
062.298  000.136  000.136: require('lspconfig.configs.yamlls')
062.313  009.503  000.858: require('config.lsp')
062.451  000.138  000.138: require('config.treesitter')
063.389  000.164  000.164: require('cmp.utils.debug')
064.067  000.384  000.384: require('cmp.utils.char')
064.070  000.680  000.296: require('cmp.utils.str')
064.661  000.231  000.231: require('cmp.utils.misc')
064.734  000.072  000.072: require('cmp.utils.buffer')
064.841  000.106  000.106: require('cmp.utils.api')
064.843  000.673  000.265: require('cmp.utils.keymap')
064.844  000.774  000.101: require('cmp.utils.feedkeys')
065.360  000.076  000.076: require('cmp.types.cmp')
065.548  000.188  000.188: require('cmp.types.lsp')
065.613  000.064  000.064: require('cmp.types.vim')
065.614  000.392  000.064: require('cmp.types')
065.615  000.499  000.107: require('cmp.config.mapping')
065.687  000.071  000.071: require('cmp.utils.cache')
066.004  000.227  000.227: require('cmp.config.compare')
066.004  000.316  000.089: require('cmp.config.default')
066.010  001.012  000.126: require('cmp.config')
066.014  001.169  000.157: require('cmp.utils.async')
066.171  000.066  000.066: require('cmp.utils.pattern')
066.172  000.158  000.092: require('cmp.context')
067.143  000.244  000.244: require('cmp.utils.snippet')
067.366  000.223  000.223: require('cmp.matcher')
067.369  000.937  000.471: require('cmp.entry')
067.371  001.198  000.261: require('cmp.source')
067.894  000.088  000.088: require('cmp.utils.event')
068.256  000.069  000.069: require('cmp.utils.options')
068.258  000.241  000.172: require('cmp.utils.window')
068.259  000.364  000.123: require('cmp.view.docs_view')
068.652  000.087  000.087: require('cmp.utils.autocmd')
068.655  000.395  000.308: require('cmp.view.custom_entries_view')
068.807  000.151  000.151: require('cmp.view.wildmenu_entries_view')
068.932  000.124  000.124: require('cmp.view.native_entries_view')
069.052  000.119  000.119: require('cmp.view.ghost_text_view')
069.057  001.685  000.443: require('cmp.view')
069.330  006.427  000.599: require('cmp.core')
069.436  000.066  000.066: require('cmp.config.sources')
069.506  000.068  000.068: require('cmp.config.window')
069.569  006.936  000.375: require('cmp')
069.613  000.004  000.004: sourcing nvim_exec2() called at /Users/larsklemstein/.dotfiles/config/nvim/init.lua:0
071.165  000.170  000.170: require('luasnip.util.types')
071.385  000.219  000.219: require('luasnip.util.lazy_table')
071.726  000.341  000.341: require('luasnip.extras.filetype_functions')
071.746  000.951  000.221: require('luasnip.default_config')
071.747  001.133  000.182: require('luasnip.session')
071.821  000.074  000.074: require('luasnip.util.vimversion')
071.824  001.475  000.269: require('luasnip.util.util')
072.473  000.186  000.186: require('luasnip.util.ext_opts')
072.546  000.073  000.073: require('luasnip.nodes.key_indexer')
072.778  000.231  000.231: require('luasnip.util.feedkeys')
072.780  000.956  000.466: require('luasnip.nodes.util')
073.121  000.077  000.077: require('luasnip.session.snippet_collection.source')
073.207  000.085  000.085: require('luasnip.util.table')
073.302  000.094  000.094: require('luasnip.util.auto_table')
073.314  000.533  000.278: require('luasnip.session.snippet_collection')
073.657  000.106  000.106: require('luasnip.util.select')
073.727  000.069  000.069: require('luasnip.util.time')
073.944  000.509  000.334: require('luasnip.util._builtin_vars')
073.995  000.680  000.171: require('luasnip.util.environ')
074.081  000.085  000.085: require('luasnip.util.extend_decorator')
074.322  000.136  000.136: require('luasnip.util.path')
074.727  000.116  000.116: require('luasnip.util.log')
074.729  000.407  000.291: require('luasnip.loaders.util')
074.800  000.071  000.071: require('luasnip.loaders.data')
075.189  000.388  000.388: require('luasnip.loaders.fs_watchers')
075.191  001.109  000.108: require('luasnip.loaders')
075.363  000.166  000.166: require('luasnip.config')
075.364  005.750  000.745: require('luasnip')
076.283  000.494  000.494: require('luasnip.session.enqueueable_operations')
077.755  000.077  000.077: require('luasnip.util.events')
077.760  000.451  000.374: require('luasnip.nodes.node')
078.018  000.257  000.257: require('luasnip.nodes.insertNode')
078.112  000.094  000.094: require('luasnip.nodes.textNode')
078.370  000.256  000.256: require('luasnip.util.mark')
078.475  000.104  000.104: require('luasnip.util.pattern_tokenizer')
078.566  000.091  000.091: require('luasnip.util.dict')
079.108  000.425  000.425: require('luasnip.util.jsregexp')
079.110  000.542  000.117: require('luasnip.nodes.util.trig_engines')
079.160  002.617  000.822: require('luasnip.nodes.snippet')
079.826  000.119  000.119: require('luasnip.util.parser.neovim_ast')
079.947  000.120  000.120: require('luasnip.util.str')
080.225  000.277  000.277: require('luasnip.util.jsregexp')
080.361  000.136  000.136: require('luasnip.util.directed_graph')
080.363  000.922  000.271: require('luasnip.util.parser.ast_utils')
080.475  000.112  000.112: require('luasnip.nodes.functionNode')
080.773  000.297  000.297: require('luasnip.nodes.choiceNode')
081.056  000.282  000.282: require('luasnip.nodes.dynamicNode')
081.242  000.186  000.186: require('luasnip.util.functions')
081.247  002.085  000.287: require('luasnip.util.parser.ast_parser')
081.533  000.285  000.285: require('luasnip.util.parser.neovim_parser')
081.536  005.253  000.265: require('luasnip.util.parser')
081.732  000.195  000.195: require('luasnip.nodes.snippetProxy')
082.078  000.345  000.345: require('luasnip.util.jsonc')
082.436  000.181  000.181: require('luasnip.nodes.duplicate')
082.437  000.359  000.177: require('luasnip.loaders.snippet_cache')
082.441  007.077  000.431: require('luasnip.loaders.from_vscode')
082.828  000.267  000.267: require('vim.version')
086.185  000.119  000.119: require('luasnip.nodes.multiSnippet')
087.770  000.783  000.783: require('vim.lsp.handlers')
088.236  025.784  004.849: require('config.cmp')
088.445  000.208  000.208: require('config.message_line')
089.207  000.181  000.181: require('vague.config.internal')
089.208  000.394  000.214: require('vague')
089.298  000.089  000.089: sourcing nvim_exec2() called at /Users/larsklemstein/.local/share/nvim/plugged/vague.nvim/colors/vague.lua:0
089.366  000.065  000.065: sourcing nvim_exec2() called at /Users/larsklemstein/.local/share/nvim/plugged/vague.nvim/colors/vague.lua:0
090.061  000.270  000.270: require('vague.groups.common')
090.517  000.196  000.196: require('vague.utilities')
090.517  000.446  000.250: require('vague.groups.diff')
090.602  000.080  000.080: require('vague.groups.cmp')
090.683  000.078  000.078: require('vague.groups.blink')
091.021  000.252  000.252: require('vague.groups.syntax')
091.282  000.261  000.261: require('vague.groups.treesitter')
091.283  000.597  000.084: require('vague.groups.lsp-native')
091.381  000.089  000.089: require('vague.groups.lsp-plugin')
091.457  000.074  000.074: require('vague.groups.gitsigns')
091.545  000.087  000.087: require('vague.groups.neotest')
091.619  000.073  000.073: require('vague.groups.mini')
091.700  000.080  000.080: require('vague.groups.neotree')
091.777  000.074  000.074: require('vague.groups.telescope')
091.855  000.072  000.072: require('vague.groups.treesitter-context')
091.929  000.072  000.072: require('vague.groups.dashboard')
092.009  000.079  000.079: require('vague.groups.snacks-picker')
092.083  000.072  000.072: require('vague.groups.snacks-input')
092.154  000.071  000.071: require('vague.groups.snacks-indent')
092.229  000.073  000.073: require('vague.groups.rainbow-delimiters')
092.300  000.071  000.071: require('vague.groups.vim-better-whitespace')
092.301  002.707  000.247: require('vague.groups')
092.302  002.935  000.228: require('vague.highlights')
092.922  000.083  000.083: require('vague.terminal')
092.925  004.210  000.644: sourcing /Users/larsklemstein/.local/share/nvim/plugged/vague.nvim/colors/vague.lua
093.818  000.005  000.005: sourcing nvim_exec2() called at ColorScheme Autocommands for "*":0
094.111  000.088  000.088: require('vague.groups.lualine')
094.115  000.001  000.001: sourcing nvim_exec2() called at ColorScheme Autocommands for "*":0
094.117  000.001  000.001: sourcing nvim_exec2() called at ColorScheme Autocommands for "*":0
094.118  000.000  000.000: sourcing nvim_exec2() called at ColorScheme Autocommands for "*":0
094.119  000.001  000.001: sourcing nvim_exec2() called at ColorScheme Autocommands for "*":0
094.129  000.001  000.001: sourcing nvim_exec2() called at ColorScheme Autocommands for "*":0
094.132  000.001  000.001: sourcing nvim_exec2() called at ColorScheme Autocommands for "*":0
094.133  000.000  000.000: sourcing nvim_exec2() called at ColorScheme Autocommands for "*":0
094.135  000.001  000.001: sourcing nvim_exec2() called at ColorScheme Autocommands for "*":0
094.136  000.000  000.000: sourcing nvim_exec2() called at ColorScheme Autocommands for "*":0
094.137  000.000  000.000: sourcing nvim_exec2() called at ColorScheme Autocommands for "*":0
094.138  000.000  000.000: sourcing nvim_exec2() called at ColorScheme Autocommands for "*":0
094.139  000.000  000.000: sourcing nvim_exec2() called at ColorScheme Autocommands for "*":0
094.140  000.000  000.000: sourcing nvim_exec2() called at ColorScheme Autocommands for "*":0
094.141  000.000  000.000: sourcing nvim_exec2() called at ColorScheme Autocommands for "*":0
094.142  000.000  000.000: sourcing nvim_exec2() called at ColorScheme Autocommands for "*":0
094.143  000.000  000.000: sourcing nvim_exec2() called at ColorScheme Autocommands for "*":0
094.144  000.000  000.000: sourcing nvim_exec2() called at ColorScheme Autocommands for "*":0
094.145  000.000  000.000: sourcing nvim_exec2() called at ColorScheme Autocommands for "*":0
094.146  000.000  000.000: sourcing nvim_exec2() called at ColorScheme Autocommands for "*":0
094.147  000.000  000.000: sourcing nvim_exec2() called at ColorScheme Autocommands for "*":0
094.148  000.000  000.000: sourcing nvim_exec2() called at ColorScheme Autocommands for "*":0
094.149  000.000  000.000: sourcing nvim_exec2() called at ColorScheme Autocommands for "*":0
094.150  000.000  000.000: sourcing nvim_exec2() called at ColorScheme Autocommands for "*":0
094.151  000.000  000.000: sourcing nvim_exec2() called at ColorScheme Autocommands for "*":0
094.152  000.000  000.000: sourcing nvim_exec2() called at ColorScheme Autocommands for "*":0
094.153  000.000  000.000: sourcing nvim_exec2() called at ColorScheme Autocommands for "*":0
094.154  000.000  000.000: sourcing nvim_exec2() called at ColorScheme Autocommands for "*":0
094.155  000.000  000.000: sourcing nvim_exec2() called at ColorScheme Autocommands for "*":0
094.156  000.000  000.000: sourcing nvim_exec2() called at ColorScheme Autocommands for "*":0
094.157  000.001  000.001: sourcing nvim_exec2() called at ColorScheme Autocommands for "*":0
094.158  000.000  000.000: sourcing nvim_exec2() called at ColorScheme Autocommands for "*":0
094.159  000.000  000.000: sourcing nvim_exec2() called at ColorScheme Autocommands for "*":0
094.160  000.000  000.000: sourcing nvim_exec2() called at ColorScheme Autocommands for "*":0
094.161  000.000  000.000: sourcing nvim_exec2() called at ColorScheme Autocommands for "*":0
094.173  000.001  000.001: sourcing nvim_exec2() called at ColorScheme Autocommands for "*":0
094.174  000.000  000.000: sourcing nvim_exec2() called at ColorScheme Autocommands for "*":0
094.176  000.001  000.001: sourcing nvim_exec2() called at ColorScheme Autocommands for "*":0
094.177  000.000  000.000: sourcing nvim_exec2() called at ColorScheme Autocommands for "*":0
094.178  000.000  000.000: sourcing nvim_exec2() called at ColorScheme Autocommands for "*":0
094.179  000.001  000.001: sourcing nvim_exec2() called at ColorScheme Autocommands for "*":0
094.180  000.000  000.000: sourcing nvim_exec2() called at ColorScheme Autocommands for "*":0
094.181  000.000  000.000: sourcing nvim_exec2() called at ColorScheme Autocommands for "*":0
094.182  000.000  000.000: sourcing nvim_exec2() called at ColorScheme Autocommands for "*":0
094.183  000.000  000.000: sourcing nvim_exec2() called at ColorScheme Autocommands for "*":0
094.184  000.000  000.000: sourcing nvim_exec2() called at ColorScheme Autocommands for "*":0
094.185  000.000  000.000: sourcing nvim_exec2() called at ColorScheme Autocommands for "*":0
094.186  000.000  000.000: sourcing nvim_exec2() called at ColorScheme Autocommands for "*":0
094.187  000.000  000.000: sourcing nvim_exec2() called at ColorScheme Autocommands for "*":0
094.188  000.000  000.000: sourcing nvim_exec2() called at ColorScheme Autocommands for "*":0
094.189  000.000  000.000: sourcing nvim_exec2() called at ColorScheme Autocommands for "*":0
094.190  000.000  000.000: sourcing nvim_exec2() called at ColorScheme Autocommands for "*":0
094.191  000.000  000.000: sourcing nvim_exec2() called at ColorScheme Autocommands for "*":0
094.192  000.000  000.000: sourcing nvim_exec2() called at ColorScheme Autocommands for "*":0
094.192  000.000  000.000: sourcing nvim_exec2() called at ColorScheme Autocommands for "*":0
094.193  000.000  000.000: sourcing nvim_exec2() called at ColorScheme Autocommands for "*":0
094.194  000.000  000.000: sourcing nvim_exec2() called at ColorScheme Autocommands for "*":0
094.195  000.000  000.000: sourcing nvim_exec2() called at ColorScheme Autocommands for "*":0
094.196  000.000  000.000: sourcing nvim_exec2() called at ColorScheme Autocommands for "*":0
094.197  000.000  000.000: sourcing nvim_exec2() called at ColorScheme Autocommands for "*":0
094.198  000.000  000.000: sourcing nvim_exec2() called at ColorScheme Autocommands for "*":0
094.199  000.000  000.000: sourcing nvim_exec2() called at ColorScheme Autocommands for "*":0
094.200  000.000  000.000: sourcing nvim_exec2() called at ColorScheme Autocommands for "*":0
094.201  000.000  000.000: sourcing nvim_exec2() called at ColorScheme Autocommands for "*":0
094.202  000.000  000.000: sourcing nvim_exec2() called at ColorScheme Autocommands for "*":0
094.203  000.001  000.001: sourcing nvim_exec2() called at ColorScheme Autocommands for "*":0
094.204  000.000  000.000: sourcing nvim_exec2() called at ColorScheme Autocommands for "*":0
094.205  000.000  000.000: sourcing nvim_exec2() called at ColorScheme Autocommands for "*":0
094.206  000.000  000.000: sourcing nvim_exec2() called at ColorScheme Autocommands for "*":0
094.207  000.000  000.000: sourcing nvim_exec2() called at ColorScheme Autocommands for "*":0
094.208  000.000  000.000: sourcing nvim_exec2() called at ColorScheme Autocommands for "*":0
094.209  000.000  000.000: sourcing nvim_exec2() called at ColorScheme Autocommands for "*":0
094.214  000.001  000.001: sourcing nvim_exec2() called at ColorScheme Autocommands for "*":0
094.219  000.001  000.001: sourcing nvim_exec2() called at ColorScheme Autocommands for "*":0
094.222  000.001  000.001: sourcing nvim_exec2() called at ColorScheme Autocommands for "*":0
094.258  000.001  000.001: sourcing nvim_exec2() called at ColorScheme Autocommands for "*":0
094.262  000.001  000.001: sourcing nvim_exec2() called at ColorScheme Autocommands for "*":0
094.265  000.001  000.001: sourcing nvim_exec2() called at ColorScheme Autocommands for "*":0
094.268  000.001  000.001: sourcing nvim_exec2() called at ColorScheme Autocommands for "*":0
094.270  000.001  000.001: sourcing nvim_exec2() called at ColorScheme Autocommands for "*":0
094.272  000.001  000.001: sourcing nvim_exec2() called at ColorScheme Autocommands for "*":0
094.274  000.001  000.001: sourcing nvim_exec2() called at ColorScheme Autocommands for "*":0
094.276  000.001  000.001: sourcing nvim_exec2() called at ColorScheme Autocommands for "*":0
094.281  000.003  000.003: sourcing nvim_exec2() called at ColorScheme Autocommands for "*":0
094.284  000.001  000.001: sourcing nvim_exec2() called at ColorScheme Autocommands for "*":0
094.290  000.005  000.005: sourcing nvim_exec2() called at ColorScheme Autocommands for "*":0
094.379  000.002  000.002: sourcing nvim_exec2() called at ColorScheme Autocommands for "*":0
094.382  000.001  000.001: sourcing nvim_exec2() called at ColorScheme Autocommands for "*":0
094.398  000.001  000.001: sourcing nvim_exec2() called at ColorScheme Autocommands for "*":0
094.401  000.001  000.001: sourcing nvim_exec2() called at ColorScheme Autocommands for "*":0
094.403  000.001  000.001: sourcing nvim_exec2() called at ColorScheme Autocommands for "*":0
094.406  000.001  000.001: sourcing nvim_exec2() called at ColorScheme Autocommands for "*":0
094.408  000.001  000.001: sourcing nvim_exec2() called at ColorScheme Autocommands for "*":0
094.411  000.001  000.001: sourcing nvim_exec2() called at ColorScheme Autocommands for "*":0
094.413  000.001  000.001: sourcing nvim_exec2() called at ColorScheme Autocommands for "*":0
094.416  000.001  000.001: sourcing nvim_exec2() called at ColorScheme Autocommands for "*":0
094.418  000.001  000.001: sourcing nvim_exec2() called at ColorScheme Autocommands for "*":0
094.420  000.001  000.001: sourcing nvim_exec2() called at ColorScheme Autocommands for "*":0
094.422  000.001  000.001: sourcing nvim_exec2() called at ColorScheme Autocommands for "*":0
094.424  000.001  000.001: sourcing nvim_exec2() called at ColorScheme Autocommands for "*":0
094.425  000.001  000.001: sourcing nvim_exec2() called at ColorScheme Autocommands for "*":0
094.428  000.001  000.001: sourcing nvim_exec2() called at ColorScheme Autocommands for "*":0
094.430  000.001  000.001: sourcing nvim_exec2() called at ColorScheme Autocommands for "*":0
094.432  000.001  000.001: sourcing nvim_exec2() called at ColorScheme Autocommands for "*":0
094.434  000.001  000.001: sourcing nvim_exec2() called at ColorScheme Autocommands for "*":0
094.436  000.001  000.001: sourcing nvim_exec2() called at ColorScheme Autocommands for "*":0
094.439  000.001  000.001: sourcing nvim_exec2() called at ColorScheme Autocommands for "*":0
094.441  000.001  000.001: sourcing nvim_exec2() called at ColorScheme Autocommands for "*":0
094.443  000.001  000.001: sourcing nvim_exec2() called at ColorScheme Autocommands for "*":0
094.446  000.002  000.002: sourcing nvim_exec2() called at ColorScheme Autocommands for "*":0
094.449  000.001  000.001: sourcing nvim_exec2() called at ColorScheme Autocommands for "*":0
094.450  000.001  000.001: sourcing nvim_exec2() called at ColorScheme Autocommands for "*":0
094.452  000.001  000.001: sourcing nvim_exec2() called at ColorScheme Autocommands for "*":0
094.790  000.001  000.001: sourcing nvim_exec2() called at ColorScheme Autocommands for "*":0
094.793  000.001  000.001: sourcing nvim_exec2() called at ColorScheme Autocommands for "*":0
094.795  000.001  000.001: sourcing nvim_exec2() called at ColorScheme Autocommands for "*":0
094.797  000.001  000.001: sourcing nvim_exec2() called at ColorScheme Autocommands for "*":0
094.799  000.001  000.001: sourcing nvim_exec2() called at ColorScheme Autocommands for "*":0
094.801  000.001  000.001: sourcing nvim_exec2() called at ColorScheme Autocommands for "*":0
094.803  000.001  000.001: sourcing nvim_exec2() called at ColorScheme Autocommands for "*":0
094.822  000.001  000.001: sourcing nvim_exec2() called at ColorScheme Autocommands for "*":0
094.824  000.001  000.001: sourcing nvim_exec2() called at ColorScheme Autocommands for "*":0
094.833  000.001  000.001: sourcing nvim_exec2() called at ColorScheme Autocommands for "*":0
094.835  000.001  000.001: sourcing nvim_exec2() called at ColorScheme Autocommands for "*":0
094.838  000.001  000.001: sourcing nvim_exec2() called at ColorScheme Autocommands for "*":0
094.840  000.001  000.001: sourcing nvim_exec2() called at ColorScheme Autocommands for "*":0
094.842  000.001  000.001: sourcing nvim_exec2() called at ColorScheme Autocommands for "*":0
094.845  000.001  000.001: sourcing nvim_exec2() called at ColorScheme Autocommands for "*":0
094.847  000.001  000.001: sourcing nvim_exec2() called at ColorScheme Autocommands for "*":0
094.848  000.001  000.001: sourcing nvim_exec2() called at ColorScheme Autocommands for "*":0
094.850  000.001  000.001: sourcing nvim_exec2() called at ColorScheme Autocommands for "*":0
094.852  000.001  000.001: sourcing nvim_exec2() called at ColorScheme Autocommands for "*":0
094.878  000.001  000.001: sourcing nvim_exec2() called at ColorScheme Autocommands for "*":0
094.880  000.001  000.001: sourcing nvim_exec2() called at ColorScheme Autocommands for "*":0
094.883  000.001  000.001: sourcing nvim_exec2() called at ColorScheme Autocommands for "*":0
094.884  000.001  000.001: sourcing nvim_exec2() called at ColorScheme Autocommands for "*":0
094.904  000.001  000.001: sourcing nvim_exec2() called at ColorScheme Autocommands for "*":0
094.906  000.001  000.001: sourcing nvim_exec2() called at ColorScheme Autocommands for "*":0
094.929  000.001  000.001: sourcing nvim_exec2() called at ColorScheme Autocommands for "*":0
094.949  000.001  000.001: sourcing nvim_exec2() called at ColorScheme Autocommands for "*":0
094.951  000.001  000.001: sourcing nvim_exec2() called at ColorScheme Autocommands for "*":0
095.090  000.004  000.004: sourcing nvim_exec2() called at ColorScheme Autocommands for "*":0
095.096  000.002  000.002: sourcing nvim_exec2() called at ColorScheme Autocommands for "*":0
095.102  000.004  000.004: sourcing nvim_exec2() called at ColorScheme Autocommands for "*":0
095.105  000.002  000.002: sourcing nvim_exec2() called at ColorScheme Autocommands for "*":0
095.108  000.001  000.001: sourcing nvim_exec2() called at ColorScheme Autocommands for "*":0
095.112  006.511  002.107: sourcing nvim_exec2() called at /Users/larsklemstein/.dotfiles/config/nvim/init.lua:0
095.113  006.667  000.156: require('config.set_colorscheme')
095.266  000.027  000.027: sourcing /opt/homebrew/Cellar/neovim/0.11.4/share/nvim/runtime/filetype.lua
095.346  000.005  000.005: sourcing /opt/homebrew/Cellar/neovim/0.11.4/share/nvim/runtime/ftplugin.vim
095.411  000.003  000.003: sourcing /opt/homebrew/Cellar/neovim/0.11.4/share/nvim/runtime/indent.vim
095.423  000.276  000.241: sourcing nvim_exec2() called at /Users/larsklemstein/.dotfiles/config/nvim/init.lua:0
095.426  088.487  000.226: sourcing /Users/larsklemstein/.config/nvim/init.lua
095.430  000.244: sourcing vimrc file(s)
096.498  000.830  000.830: sourcing /Users/larsklemstein/.local/share/nvim/plugged/nvim-lspconfig/plugin/lspconfig.lua
096.749  000.172  000.172: sourcing /Users/larsklemstein/.local/share/nvim/plugged/plenary.nvim/plugin/plenary.vim
097.096  000.263  000.263: sourcing /Users/larsklemstein/.local/share/nvim/plugged/telescope.nvim/plugin/telescope.lua
097.280  000.088  000.088: sourcing /Users/larsklemstein/.local/share/nvim/plugged/nvim-web-devicons/plugin/nvim-web-devicons.vim
098.073  000.592  000.592: require('gitsigns')
098.450  000.355  000.355: require('gitsigns.highlight')
098.707  000.250  000.250: require('gitsigns.debug.log')
099.097  000.389  000.389: require('gitsigns.config')
099.482  000.172  000.172: require('gitsigns.debounce')
099.486  002.124  000.365: sourcing /Users/larsklemstein/.local/share/nvim/plugged/gitsigns.nvim/plugin/gitsigns.lua
099.713  000.153  000.153: sourcing /Users/larsklemstein/.local/share/nvim/plugged/vim-commentary/plugin/commentary.vim
099.981  000.188  000.188: sourcing /Users/larsklemstein/.local/share/nvim/plugged/lazygit.nvim/plugin/lazygit.vim
100.435  000.217  000.217: require('cmp.utils.highlight')
100.567  000.001  000.001: sourcing nvim_exec2() called at /Users/larsklemstein/.local/share/nvim/plugged/nvim-cmp/plugin/cmp.lua:0
100.568  000.507  000.289: sourcing /Users/larsklemstein/.local/share/nvim/plugged/nvim-cmp/plugin/cmp.lua
100.857  000.121  000.121: sourcing /Users/larsklemstein/.local/share/nvim/plugged/LuaSnip/plugin/luasnip.vim
101.484  000.521  000.521: require('vim.filetype')
101.562  000.686  000.165: sourcing /Users/larsklemstein/.local/share/nvim/plugged/LuaSnip/plugin/luasnip.lua
102.338  000.221  000.221: sourcing /opt/homebrew/Cellar/neovim/0.11.4/share/nvim/runtime/plugin/gzip.vim
103.039  000.160  000.160: sourcing /opt/homebrew/Cellar/neovim/0.11.4/share/nvim/runtime/pack/dist/opt/matchit/plugin/matchit.vim
103.059  000.700  000.540: sourcing /opt/homebrew/Cellar/neovim/0.11.4/share/nvim/runtime/plugin/matchit.vim
103.207  000.125  000.125: sourcing /opt/homebrew/Cellar/neovim/0.11.4/share/nvim/runtime/plugin/matchparen.vim
103.252  000.024  000.024: sourcing /opt/homebrew/Cellar/neovim/0.11.4/share/nvim/runtime/plugin/netrwPlugin.vim
103.346  000.074  000.074: sourcing /opt/homebrew/Cellar/neovim/0.11.4/share/nvim/runtime/plugin/rplugin.vim
103.407  000.040  000.040: sourcing /opt/homebrew/Cellar/neovim/0.11.4/share/nvim/runtime/plugin/shada.vim
103.461  000.030  000.030: sourcing /opt/homebrew/Cellar/neovim/0.11.4/share/nvim/runtime/plugin/spellfile.vim
103.537  000.052  000.052: sourcing /opt/homebrew/Cellar/neovim/0.11.4/share/nvim/runtime/plugin/tarPlugin.vim
103.593  000.032  000.032: sourcing /opt/homebrew/Cellar/neovim/0.11.4/share/nvim/runtime/plugin/tutor.vim
103.673  000.059  000.059: sourcing /opt/homebrew/Cellar/neovim/0.11.4/share/nvim/runtime/plugin/zipPlugin.vim
103.737  000.041  000.041: sourcing /opt/homebrew/Cellar/neovim/0.11.4/share/nvim/runtime/plugin/editorconfig.lua
103.805  000.044  000.044: sourcing /opt/homebrew/Cellar/neovim/0.11.4/share/nvim/runtime/plugin/man.lua
103.878  000.051  000.051: sourcing /opt/homebrew/Cellar/neovim/0.11.4/share/nvim/runtime/plugin/osc52.lua
103.946  000.045  000.045: sourcing /opt/homebrew/Cellar/neovim/0.11.4/share/nvim/runtime/plugin/tohtml.lua
103.969  001.869: loading rtp plugins
104.085  000.116: loading packages
104.573  000.160  000.160: sourcing /Users/larsklemstein/.local/share/nvim/plugged/cmp-nvim-lsp/after/plugin/cmp_nvim_lsp.lua
105.824  000.079  000.079: require('cmp_buffer.timer')
105.825  000.348  000.269: require('cmp_buffer.buffer')
105.826  000.496  000.149: require('cmp_buffer.source')
105.827  001.040  000.544: require('cmp_buffer')
105.850  001.219  000.179: sourcing /Users/larsklemstein/.local/share/nvim/plugged/cmp-buffer/after/plugin/cmp_buffer.lua
106.196  000.245  000.245: require('cmp_path')
106.202  000.284  000.040: sourcing /Users/larsklemstein/.local/share/nvim/plugged/cmp-path/after/plugin/cmp_path.lua
106.559  000.278  000.278: require('cmp_cmdline')
106.564  000.307  000.029: sourcing /Users/larsklemstein/.local/share/nvim/plugged/cmp-cmdline/after/plugin/cmp_cmdline.lua
106.916  000.211  000.211: require('cmp_luasnip')
106.925  000.307  000.096: sourcing /Users/larsklemstein/.local/share/nvim/plugged/cmp_luasnip/after/plugin/cmp_luasnip.lua
107.344  000.236  000.236: require('cmp_nvim_lsp_signature_help')
107.350  000.366  000.130: sourcing /Users/larsklemstein/.local/share/nvim/plugged/cmp-nvim-lsp-signature-help/after/plugin/cmp_nvim_lsp_signature_help.lua
107.351  000.623: loading after plugins
107.355  000.004: inits 3
109.070  001.715: reading ShaDa
111.790  000.278  000.278: sourcing /opt/homebrew/Cellar/neovim/0.11.4/share/nvim/runtime/ftplugin/go.vim
112.420  000.233  000.233: sourcing /opt/homebrew/Cellar/neovim/0.11.4/share/nvim/runtime/indent/go.vim
114.700  000.200  000.200: require('nvim-treesitter.utils')
117.483  000.190  000.190: require('vim.treesitter.language')
117.644  000.160  000.160: require('vim.func')
117.803  000.157  000.157: require('vim.func._memoize')
117.822  001.217  000.710: require('vim.treesitter.query')
118.202  000.379  000.379: require('vim.treesitter._range')
118.228  002.389  000.792: require('vim.treesitter.languagetree')
118.230  002.701  000.312: require('vim.treesitter')
118.538  003.837  001.136: require('nvim-treesitter.parsers')
119.527  000.181  000.181: require('nvim-treesitter.compat')
119.999  000.273  000.273: require('nvim-treesitter.ts_utils')
120.001  000.473  000.200: require('nvim-treesitter.tsrange')
120.072  000.070  000.070: require('nvim-treesitter.caching')
120.076  001.045  000.321: require('nvim-treesitter.query')
120.083  001.307  000.262: require('nvim-treesitter.configs')
120.084  001.545  000.238: require('nvim-treesitter.info')
120.342  000.257  000.257: require('nvim-treesitter.shell_command_selectors')
120.352  006.404  000.564: require('nvim-treesitter.install')
120.426  000.073  000.073: require('nvim-treesitter.statusline')
120.606  000.180  000.180: require('nvim-treesitter.query_predicates')
120.607  007.179  000.522: require('nvim-treesitter')
121.108  007.851  000.672: sourcing /Users/larsklemstein/.local/share/nvim/plugged/nvim-treesitter/plugin/nvim-treesitter.lua
121.712  000.040  000.040: sourcing /opt/homebrew/Cellar/neovim/0.11.4/share/nvim/runtime/ftplugin/go.vim
122.103  000.012  000.012: sourcing /opt/homebrew/Cellar/neovim/0.11.4/share/nvim/runtime/indent/go.vim
123.470  000.871  000.871: sourcing /opt/homebrew/Cellar/neovim/0.11.4/share/nvim/runtime/syntax/go.vim
123.822  000.115  000.115: require('vim.uri')
124.592  000.754  000.754: require('vim.lsp.client')
125.209  000.311  000.311: require('vim._system')
127.550  000.328  000.328: require('nvim-treesitter.indent')
128.207  000.289  000.289: require('nvim-treesitter.locals')
128.210  000.547  000.259: require('nvim-treesitter.incremental_selection')
128.358  000.091  000.091: require('nvim-treesitter.highlight')
131.408  000.595  000.595: require('vim.treesitter.highlighter')
134.197  000.367  000.367: require('luasnip.loaders.from_lua')
134.553  000.354  000.354: require('luasnip.loaders.from_snipmate')
138.216  000.415  000.415: require('gitsigns.async')
139.027  000.378  000.378: require('gitsigns.util')
139.034  000.817  000.439: require('gitsigns.hunks')
139.641  000.174  000.174: require('gitsigns.diff')
139.933  000.292  000.292: require('gitsigns.signs')
140.337  000.403  000.403: require('gitsigns.status')
140.638  000.300  000.300: require('gitsigns.cache')
140.656  001.621  000.453: require('gitsigns.manager')
140.745  000.088  000.088: require('gitsigns.message')
140.836  000.091  000.091: require('gitsigns.repeat')
140.873  003.701  000.670: require('gitsigns.actions')
142.172  000.074  000.074: require('gitsigns.system')
142.173  000.195  000.121: require('gitsigns.git.cmd')
142.260  000.086  000.086: require('gitsigns.git.errors')
142.442  000.181  000.181: require('gitsigns.git.version')
142.475  000.984  000.521: require('gitsigns.git.repo')
142.486  001.245  000.262: require('gitsigns.git')
142.515  001.637  000.392: require('gitsigns.attach')
142.971  000.425  000.425: require('gitsigns.current_line_blame')
144.349  000.539  000.539: require('editorconfig')
144.908  016.789: opening buffers
145.142  000.235: BufEnter autocommands
145.144  000.002: editing files in windows
145.717  000.345  000.345: require('lint')
287.167  141.445  141.445: require('lint.linters.golangcilint')
287.170  142.003  000.213: require('config.lint')
287.181  000.034: VimEnter autocommands
287.415  000.234: UIEnter autocommands
287.834  000.274  000.274: sourcing /opt/homebrew/Cellar/neovim/0.11.4/share/nvim/runtime/autoload/provider/clipboard.vim
287.837  000.148: before starting main loop
288.394  000.395  000.395: require('vim.hl')
289.030  000.799: first screen update
289.031  000.001: --- NVIM STARTED ---

