--- Startup times for process: Primary (or UI client) ---

times in msec
 clock   self+sourced   self:  sourced script
 clock   elapsed:              other lines

000.001  000.001: --- NVIM STARTING ---
000.192  000.191: event init
000.491  000.300: early init
001.213  000.722: locale set
001.305  000.092: init first window
013.153  011.848: inits 1
013.168  000.015: window checked
013.356  000.188: parsing arguments
013.969  000.051  000.051: require('vim.shared')
014.061  000.036  000.036: require('vim.inspect')
014.102  000.033  000.033: require('vim._options')
014.104  000.130  000.061: require('vim._editor')
014.106  000.240  000.059: require('vim._init_packages')
014.108  000.512: init lua interpreter
017.736  003.628: nvim_ui_attach
018.015  000.279: nvim_set_client_info
018.016  000.001: --- NVIM STARTED ---

--- Startup times for process: Embedded ---

times in msec
 clock   self+sourced   self:  sourced script
 clock   elapsed:              other lines

000.000  000.000: --- NVIM STARTING ---
000.062  000.062: event init
000.184  000.122: early init
000.507  000.323: locale set
000.537  000.030: init first window
000.874  000.337: inits 1
000.888  000.014: window checked
000.974  000.086: parsing arguments
001.376  000.038  000.038: require('vim.shared')
001.447  000.029  000.029: require('vim.inspect')
001.480  000.026  000.026: require('vim._options')
001.482  000.104  000.048: require('vim._editor')
001.484  000.168  000.026: require('vim._init_packages')
001.486  000.344: init lua interpreter
003.248  001.762: expanding arguments
003.262  000.014: inits 2
003.485  000.223: init highlight
003.485  000.001: waiting for UI
003.635  000.150: done waiting for UI
003.644  000.009: clear screen
003.768  000.013  000.013: require('vim.keymap')
004.671  000.148  000.148: sourcing nvim_exec2()
005.543  000.799  000.799: require('vim.termcap')
005.580  000.027  000.027: require('vim.text')
005.741  002.094  001.108: require('vim._defaults')
005.742  000.004: init default mappings & autocommands
005.869  000.050  000.050: sourcing /opt/homebrew/Cellar/neovim/0.11.4/share/nvim/runtime/ftplugin.vim
005.947  000.020  000.020: sourcing /opt/homebrew/Cellar/neovim/0.11.4/share/nvim/runtime/indent.vim
006.180  000.099  000.099: require('config.globals')
007.612  000.004  000.004: require('vim.F')
007.635  001.144  001.141: require('vim.diagnostic')
007.647  001.466  000.322: require('config.keymaps')
007.822  000.174  000.174: require('config.options')
008.858  000.903  000.903: sourcing /Users/larsklemstein/.local/share/nvim/site/autoload/plug.vim
011.934  000.157  000.157: sourcing nvim_exec2() called at /opt/homebrew/Cellar/neovim/0.11.4/share/nvim/runtime/filetype.lua:0
011.935  000.216  000.059: sourcing /opt/homebrew/Cellar/neovim/0.11.4/share/nvim/runtime/filetype.lua
012.095  000.019  000.019: sourcing /opt/homebrew/Cellar/neovim/0.11.4/share/nvim/runtime/ftplugin.vim
012.209  000.005  000.005: sourcing /opt/homebrew/Cellar/neovim/0.11.4/share/nvim/runtime/indent.vim
012.444  000.040  000.040: sourcing /opt/homebrew/Cellar/neovim/0.11.4/share/nvim/runtime/syntax/synload.vim
012.483  000.200  000.160: sourcing /opt/homebrew/Cellar/neovim/0.11.4/share/nvim/runtime/syntax/syntax.vim
012.490  004.668  003.325: require('config.plugins_load')
013.048  000.117  000.117: require('nvim-tree.log')
013.523  000.105  000.105: require('nvim-tree.iterators.node-iterator')
013.550  000.500  000.395: require('nvim-tree.utils')
014.120  000.102  000.102: require('nvim-tree.notify')
014.124  000.220  000.119: require('nvim-tree.events')
014.127  000.313  000.092: require('nvim-tree.core')
014.455  000.145  000.145: require('nvim-tree.git.utils')
014.535  000.079  000.079: require('nvim-tree.renderer.components.devicons')
014.742  000.091  000.091: require('nvim-tree.classic')
014.747  000.211  000.120: require('nvim-tree.node')
014.759  000.631  000.196: require('nvim-tree.node.directory')
014.760  001.061  000.117: require('nvim-tree.actions.finders.find-file')
014.924  000.162  000.162: require('nvim-tree.actions.finders.search-node')
014.925  001.297  000.073: require('nvim-tree.actions.finders')
015.287  000.127  000.127: require('nvim-tree.node.file')
015.289  000.281  000.154: require('nvim-tree.actions.fs.create-file')
015.542  000.122  000.122: require('nvim-tree.lib')
015.689  000.062  000.062: require('nvim-tree.node.link')
015.720  000.178  000.116: require('nvim-tree.node.directory-link')
015.723  000.433  000.133: require('nvim-tree.actions.fs.remove-file')
015.849  000.126  000.126: require('nvim-tree.actions.fs.rename-file')
015.961  000.111  000.111: require('nvim-tree.actions.fs.trash')
015.962  001.036  000.087: require('nvim-tree.actions.fs')
016.291  000.143  000.143: require('nvim-tree.diagnostics')
016.293  000.272  000.129: require('nvim-tree.actions.moves.item')
016.377  000.083  000.083: require('nvim-tree.actions.moves.parent')
016.470  000.092  000.092: require('nvim-tree.actions.moves.sibling')
016.471  000.508  000.061: require('nvim-tree.actions.moves')
016.644  000.100  000.100: require('nvim-tree.actions.node.file-popup')
017.160  000.149  000.149: require('nvim-tree.appearance')
017.161  000.269  000.120: require('nvim-tree.renderer.components.full-name')
017.164  000.519  000.250: require('nvim-tree.actions.node.open-file')
017.229  000.064  000.064: require('nvim-tree.actions.node.run-command')
017.323  000.093  000.093: require('nvim-tree.actions.node.system-open')
017.399  000.076  000.076: require('nvim-tree.actions.node.buffer')
017.401  000.929  000.078: require('nvim-tree.actions.node')
017.558  000.098  000.098: require('nvim-tree.actions.root.change-dir')
017.621  000.062  000.062: require('nvim-tree.actions.root.dir-up')
017.622  000.221  000.061: require('nvim-tree.actions.root')
017.762  000.077  000.077: require('nvim-tree.actions.tree.find-file')
017.907  000.085  000.085: require('nvim-tree.actions.tree.modifiers.collapse')
018.004  000.097  000.097: require('nvim-tree.actions.tree.modifiers.expand')
018.005  000.243  000.061: require('nvim-tree.actions.tree.modifiers')
018.080  000.074  000.074: require('nvim-tree.actions.tree.open')
018.161  000.081  000.081: require('nvim-tree.actions.tree.toggle')
018.230  000.067  000.067: require('nvim-tree.actions.tree.resize')
018.231  000.608  000.067: require('nvim-tree.actions.tree')
018.232  004.681  000.083: require('nvim-tree.actions')
018.245  005.681  000.383: require('nvim-tree')
018.353  000.094  000.094: require('nvim-tree.legacy')
018.743  000.009  000.009: sourcing nvim_exec2() called at /Users/larsklemstein/.dotfiles/config/nvim/init.lua:0
018.747  000.002  000.002: sourcing nvim_exec2() called at /Users/larsklemstein/.dotfiles/config/nvim/init.lua:0
018.896  000.141  000.141: require('nvim-tree.keymap')
019.542  000.075  000.075: require('nvim-tree.buffers')
019.902  000.169  000.169: require('nvim-tree.git.runner')
020.058  000.155  000.155: require('nvim-tree.watcher')
020.063  000.520  000.196: require('nvim-tree.git')
020.219  000.081  000.081: require('nvim-tree.node.file-link')
020.221  000.157  000.076: require('nvim-tree.node.factory')
020.281  000.060  000.060: require('nvim-tree.node.root')
020.488  000.057  000.057: require('nvim-tree.enum')
020.517  000.235  000.178: require('nvim-tree.explorer.filters')
020.697  000.179  000.179: require('nvim-tree.marks')
020.876  000.178  000.178: require('nvim-tree.explorer.live-filter')
021.135  000.258  000.258: require('nvim-tree.explorer.sorter')
021.360  000.224  000.224: require('nvim-tree.actions.fs.clipboard')
021.890  000.116  000.116: require('nvim-tree.renderer.decorator')
021.895  000.191  000.075: require('nvim-tree.renderer.decorator.bookmarks')
021.962  000.067  000.067: require('nvim-tree.renderer.decorator.copied')
022.029  000.066  000.066: require('nvim-tree.renderer.decorator.cut')
022.145  000.115  000.115: require('nvim-tree.renderer.decorator.diagnostics')
022.325  000.179  000.179: require('nvim-tree.renderer.decorator.git')
022.412  000.086  000.086: require('nvim-tree.renderer.decorator.hidden')
022.497  000.084  000.084: require('nvim-tree.renderer.decorator.modified')
022.562  000.065  000.065: require('nvim-tree.renderer.decorator.opened')
022.630  000.067  000.067: require('nvim-tree.renderer.decorator.user')
022.748  000.117  000.117: require('nvim-tree.renderer.components.padding')
022.751  001.277  000.239: require('nvim-tree.renderer.builder')
022.754  001.393  000.116: require('nvim-tree.renderer')
023.143  000.051  000.051: require('nvim-tree.globals')
023.149  000.395  000.343: require('nvim-tree.explorer.view')
023.163  004.000  000.327: require('nvim-tree.explorer')
023.250  000.085  000.085: require('nvim-tree.explorer.watch')
023.308  000.056  000.056: require('nvim-tree.renderer.components')
023.623  000.109  000.109: require('nvim-web-devicons.filetypes')
023.922  000.236  000.236: require('nvim-web-devicons.default.icons_by_filename')
024.416  000.493  000.493: require('nvim-web-devicons.default.icons_by_file_extension')
024.546  000.115  000.115: require('nvim-web-devicons.default.icons_by_operating_system')
024.607  000.060  000.060: require('nvim-web-devicons.default.icons_by_desktop_environment')
024.669  000.061  000.061: require('nvim-web-devicons.default.icons_by_window_manager')
024.670  001.039  000.074: require('nvim-web-devicons.icons-default')
024.793  001.484  000.336: require('nvim-web-devicons')
026.450  000.169  000.169: require('nvim-tree.help')
026.767  000.112  000.112: require('nvim-tree.appearance.hi-test')
026.821  000.370  000.258: require('nvim-tree.api')
026.906  000.084  000.084: require('nvim-tree.multi-instance-debug')
027.063  000.097  000.097: require('nvim-tree.commands')
027.138  014.647  002.374: require('config.nvim_tree')
027.442  000.247  000.247: require('telescope.builtin')
027.620  000.071  000.071: require('telescope._extensions')
027.621  000.169  000.098: require('telescope')
028.744  000.209  000.209: require('plenary.bit')
028.827  000.082  000.082: require('plenary.functional')
028.847  000.012  000.012: require('ffi')
028.866  000.876  000.573: require('plenary.path')
028.874  001.007  000.131: require('plenary.strings')
028.923  000.049  000.049: require('telescope.deprecated')
029.333  000.150  000.150: require('plenary.log')
029.341  000.203  000.052: require('telescope.log')
029.929  000.053  000.053: require('plenary.compat')
029.932  000.289  000.236: require('plenary.job')
029.990  000.056  000.056: require('telescope.state')
030.000  000.658  000.313: require('telescope.utils')
030.003  001.079  000.218: require('telescope.sorters')
030.802  003.180  001.045: require('telescope.config')
031.278  004.138  000.542: require('config.telescope')
031.334  000.055  000.055: require('config.blamer')
031.787  000.096  000.096: require('lualine_require')
031.957  000.565  000.469: require('lualine')
032.109  000.004  000.004: sourcing nvim_exec2() called at /Users/larsklemstein/.dotfiles/config/nvim/init.lua:0
032.683  000.309  000.309: require('lualine.highlight')
033.273  000.003  000.003: sourcing nvim_exec2() called at /Users/larsklemstein/.dotfiles/config/nvim/init.lua:0
033.279  000.001  000.001: sourcing nvim_exec2() called at /Users/larsklemstein/.dotfiles/config/nvim/init.lua:0
033.283  000.002  000.002: sourcing nvim_exec2() called at /Users/larsklemstein/.dotfiles/config/nvim/init.lua:0
033.287  000.001  000.001: sourcing nvim_exec2() called at /Users/larsklemstein/.dotfiles/config/nvim/init.lua:0
033.290  000.001  000.001: sourcing nvim_exec2() called at /Users/larsklemstein/.dotfiles/config/nvim/init.lua:0
033.306  000.002  000.002: sourcing nvim_exec2() called at /Users/larsklemstein/.dotfiles/config/nvim/init.lua:0
033.309  000.001  000.001: sourcing nvim_exec2() called at /Users/larsklemstein/.dotfiles/config/nvim/init.lua:0
033.312  000.001  000.001: sourcing nvim_exec2() called at /Users/larsklemstein/.dotfiles/config/nvim/init.lua:0
033.315  000.001  000.001: sourcing nvim_exec2() called at /Users/larsklemstein/.dotfiles/config/nvim/init.lua:0
033.317  000.001  000.001: sourcing nvim_exec2() called at /Users/larsklemstein/.dotfiles/config/nvim/init.lua:0
033.320  000.001  000.001: sourcing nvim_exec2() called at /Users/larsklemstein/.dotfiles/config/nvim/init.lua:0
033.323  000.001  000.001: sourcing nvim_exec2() called at /Users/larsklemstein/.dotfiles/config/nvim/init.lua:0
033.331  000.001  000.001: sourcing nvim_exec2() called at /Users/larsklemstein/.dotfiles/config/nvim/init.lua:0
033.334  000.001  000.001: sourcing nvim_exec2() called at /Users/larsklemstein/.dotfiles/config/nvim/init.lua:0
033.337  000.001  000.001: sourcing nvim_exec2() called at /Users/larsklemstein/.dotfiles/config/nvim/init.lua:0
033.339  000.001  000.001: sourcing nvim_exec2() called at /Users/larsklemstein/.dotfiles/config/nvim/init.lua:0
033.342  000.001  000.001: sourcing nvim_exec2() called at /Users/larsklemstein/.dotfiles/config/nvim/init.lua:0
033.345  000.001  000.001: sourcing nvim_exec2() called at /Users/larsklemstein/.dotfiles/config/nvim/init.lua:0
033.347  000.001  000.001: sourcing nvim_exec2() called at /Users/larsklemstein/.dotfiles/config/nvim/init.lua:0
033.349  000.001  000.001: sourcing nvim_exec2() called at /Users/larsklemstein/.dotfiles/config/nvim/init.lua:0
033.353  000.001  000.001: sourcing nvim_exec2() called at /Users/larsklemstein/.dotfiles/config/nvim/init.lua:0
033.355  000.001  000.001: sourcing nvim_exec2() called at /Users/larsklemstein/.dotfiles/config/nvim/init.lua:0
033.360  000.004  000.004: sourcing nvim_exec2() called at /Users/larsklemstein/.dotfiles/config/nvim/init.lua:0
033.722  000.062  000.062: require('lualine.utils.mode')
033.886  000.003  000.003: sourcing nvim_exec2() called at /Users/larsklemstein/.dotfiles/config/nvim/init.lua:0
033.890  000.002  000.002: sourcing nvim_exec2() called at /Users/larsklemstein/.dotfiles/config/nvim/init.lua:0
033.981  000.002  000.002: sourcing nvim_exec2() called at /Users/larsklemstein/.dotfiles/config/nvim/init.lua:0
033.985  000.001  000.001: sourcing nvim_exec2() called at /Users/larsklemstein/.dotfiles/config/nvim/init.lua:0
033.988  000.001  000.001: sourcing nvim_exec2() called at /Users/larsklemstein/.dotfiles/config/nvim/init.lua:0
033.991  000.001  000.001: sourcing nvim_exec2() called at /Users/larsklemstein/.dotfiles/config/nvim/init.lua:0
033.993  000.001  000.001: sourcing nvim_exec2() called at /Users/larsklemstein/.dotfiles/config/nvim/init.lua:0
033.999  000.001  000.001: sourcing nvim_exec2() called at /Users/larsklemstein/.dotfiles/config/nvim/init.lua:0
034.001  000.001  000.001: sourcing nvim_exec2() called at /Users/larsklemstein/.dotfiles/config/nvim/init.lua:0
034.005  000.001  000.001: sourcing nvim_exec2() called at /Users/larsklemstein/.dotfiles/config/nvim/init.lua:0
034.008  000.001  000.001: sourcing nvim_exec2() called at /Users/larsklemstein/.dotfiles/config/nvim/init.lua:0
034.011  000.001  000.001: sourcing nvim_exec2() called at /Users/larsklemstein/.dotfiles/config/nvim/init.lua:0
034.013  000.001  000.001: sourcing nvim_exec2() called at /Users/larsklemstein/.dotfiles/config/nvim/init.lua:0
034.016  000.001  000.001: sourcing nvim_exec2() called at /Users/larsklemstein/.dotfiles/config/nvim/init.lua:0
034.019  000.001  000.001: sourcing nvim_exec2() called at /Users/larsklemstein/.dotfiles/config/nvim/init.lua:0
034.021  000.001  000.001: sourcing nvim_exec2() called at /Users/larsklemstein/.dotfiles/config/nvim/init.lua:0
034.026  000.001  000.001: sourcing nvim_exec2() called at /Users/larsklemstein/.dotfiles/config/nvim/init.lua:0
034.029  000.001  000.001: sourcing nvim_exec2() called at /Users/larsklemstein/.dotfiles/config/nvim/init.lua:0
034.031  000.001  000.001: sourcing nvim_exec2() called at /Users/larsklemstein/.dotfiles/config/nvim/init.lua:0
034.034  000.001  000.001: sourcing nvim_exec2() called at /Users/larsklemstein/.dotfiles/config/nvim/init.lua:0
034.036  000.001  000.001: sourcing nvim_exec2() called at /Users/larsklemstein/.dotfiles/config/nvim/init.lua:0
034.039  000.001  000.001: sourcing nvim_exec2() called at /Users/larsklemstein/.dotfiles/config/nvim/init.lua:0
034.041  000.001  000.001: sourcing nvim_exec2() called at /Users/larsklemstein/.dotfiles/config/nvim/init.lua:0
034.116  000.003  000.003: sourcing nvim_exec2() called at /Users/larsklemstein/.dotfiles/config/nvim/init.lua:0
034.126  000.001  000.001: sourcing nvim_exec2() called at /Users/larsklemstein/.dotfiles/config/nvim/init.lua:0
034.129  000.001  000.001: sourcing nvim_exec2() called at /Users/larsklemstein/.dotfiles/config/nvim/init.lua:0
034.133  000.001  000.001: sourcing nvim_exec2() called at /Users/larsklemstein/.dotfiles/config/nvim/init.lua:0
034.674  000.002  000.002: sourcing nvim_exec2() called at /Users/larsklemstein/.dotfiles/config/nvim/init.lua:0
034.678  000.001  000.001: sourcing nvim_exec2() called at /Users/larsklemstein/.dotfiles/config/nvim/init.lua:0
034.681  000.001  000.001: sourcing nvim_exec2() called at /Users/larsklemstein/.dotfiles/config/nvim/init.lua:0
034.683  000.001  000.001: sourcing nvim_exec2() called at /Users/larsklemstein/.dotfiles/config/nvim/init.lua:0
034.698  000.001  000.001: sourcing nvim_exec2() called at /Users/larsklemstein/.dotfiles/config/nvim/init.lua:0
034.701  000.001  000.001: sourcing nvim_exec2() called at /Users/larsklemstein/.dotfiles/config/nvim/init.lua:0
034.704  000.001  000.001: sourcing nvim_exec2() called at /Users/larsklemstein/.dotfiles/config/nvim/init.lua:0
034.708  000.001  000.001: sourcing nvim_exec2() called at /Users/larsklemstein/.dotfiles/config/nvim/init.lua:0
034.711  000.001  000.001: sourcing nvim_exec2() called at /Users/larsklemstein/.dotfiles/config/nvim/init.lua:0
034.714  000.001  000.001: sourcing nvim_exec2() called at /Users/larsklemstein/.dotfiles/config/nvim/init.lua:0
034.747  000.001  000.001: sourcing nvim_exec2() called at /Users/larsklemstein/.dotfiles/config/nvim/init.lua:0
034.775  000.001  000.001: sourcing nvim_exec2() called at /Users/larsklemstein/.dotfiles/config/nvim/init.lua:0
034.801  000.001  000.001: sourcing nvim_exec2() called at /Users/larsklemstein/.dotfiles/config/nvim/init.lua:0
034.831  000.001  000.001: sourcing nvim_exec2() called at /Users/larsklemstein/.dotfiles/config/nvim/init.lua:0
034.840  000.001  000.001: sourcing nvim_exec2() called at /Users/larsklemstein/.dotfiles/config/nvim/init.lua:0
034.843  000.001  000.001: sourcing nvim_exec2() called at /Users/larsklemstein/.dotfiles/config/nvim/init.lua:0
034.846  000.001  000.001: sourcing nvim_exec2() called at /Users/larsklemstein/.dotfiles/config/nvim/init.lua:0
034.848  000.001  000.001: sourcing nvim_exec2() called at /Users/larsklemstein/.dotfiles/config/nvim/init.lua:0
034.851  000.001  000.001: sourcing nvim_exec2() called at /Users/larsklemstein/.dotfiles/config/nvim/init.lua:0
034.877  000.001  000.001: sourcing nvim_exec2() called at /Users/larsklemstein/.dotfiles/config/nvim/init.lua:0
034.879  000.001  000.001: sourcing nvim_exec2() called at /Users/larsklemstein/.dotfiles/config/nvim/init.lua:0
034.883  000.001  000.001: sourcing nvim_exec2() called at /Users/larsklemstein/.dotfiles/config/nvim/init.lua:0
034.888  000.001  000.001: sourcing nvim_exec2() called at /Users/larsklemstein/.dotfiles/config/nvim/init.lua:0
034.891  000.001  000.001: sourcing nvim_exec2() called at /Users/larsklemstein/.dotfiles/config/nvim/init.lua:0
034.893  000.001  000.001: sourcing nvim_exec2() called at /Users/larsklemstein/.dotfiles/config/nvim/init.lua:0
034.896  000.001  000.001: sourcing nvim_exec2() called at /Users/larsklemstein/.dotfiles/config/nvim/init.lua:0
034.899  000.001  000.001: sourcing nvim_exec2() called at /Users/larsklemstein/.dotfiles/config/nvim/init.lua:0
034.901  000.001  000.001: sourcing nvim_exec2() called at /Users/larsklemstein/.dotfiles/config/nvim/init.lua:0
035.349  000.003  000.003: sourcing nvim_exec2() called at /Users/larsklemstein/.dotfiles/config/nvim/init.lua:0
035.360  000.002  000.002: sourcing nvim_exec2() called at /Users/larsklemstein/.dotfiles/config/nvim/init.lua:0
035.368  000.006  000.006: sourcing nvim_exec2() called at /Users/larsklemstein/.dotfiles/config/nvim/init.lua:0
035.373  000.002  000.002: sourcing nvim_exec2() called at /Users/larsklemstein/.dotfiles/config/nvim/init.lua:0
035.377  000.002  000.002: sourcing nvim_exec2() called at /Users/larsklemstein/.dotfiles/config/nvim/init.lua:0
035.380  004.046  003.005: require('config.lualine')
035.495  000.003  000.003: sourcing nvim_exec2() called at /Users/larsklemstein/.dotfiles/config/nvim/init.lua:0
036.244  000.021  000.021: require('vim.fs')
036.254  000.185  000.164: require('vim.lsp.log')
036.714  000.459  000.459: require('vim.lsp.protocol')
037.535  000.819  000.819: require('vim.lsp.util')
037.896  000.172  000.172: require('vim.lsp.sync')
037.898  000.362  000.190: require('vim.lsp._changetracking')
038.280  000.126  000.126: require('vim.lsp._transport')
038.303  000.405  000.279: require('vim.lsp.rpc')
038.329  002.832  000.603: require('vim.lsp')
038.658  000.328  000.328: require('vim.lsp.completion')
039.181  000.309  000.309: require('lspconfig.util')
039.264  000.082  000.082: require('lspconfig.async')
039.265  000.530  000.140: require('lspconfig.configs')
039.270  000.607  000.076: require('lspconfig')
039.603  000.135  000.135: require('cmp_nvim_lsp.source')
039.605  000.267  000.131: require('cmp_nvim_lsp')
039.689  000.072  000.072: require('lspconfig.configs.bashls')
040.008  000.146  000.146: require('lspconfig.manager')
040.069  000.059  000.059: require('lspconfig.configs.gopls')
040.324  000.249  000.249: require('vim.iter')
040.415  000.046  000.046: require('lspconfig.configs.groovyls')
040.483  000.051  000.051: require('lspconfig.configs.lua_ls')
040.563  000.059  000.059: require('lspconfig.configs.pyright')
040.673  000.077  000.077: require('lspconfig.configs.rust_analyzer')
040.783  000.071  000.071: require('lspconfig.configs.terraformls')
040.851  000.051  000.051: require('lspconfig.configs.ts_ls')
040.928  000.049  000.049: require('lspconfig.configs.yamlls')
040.941  005.560  000.594: require('config.lsp')
040.997  000.055  000.055: require('config.treesitter')
041.540  000.054  000.054: require('cmp.utils.debug')
041.717  000.082  000.082: require('cmp.utils.char')
041.720  000.179  000.097: require('cmp.utils.str')
042.034  000.112  000.112: require('cmp.utils.misc')
042.089  000.054  000.054: require('cmp.utils.buffer')
042.170  000.080  000.080: require('cmp.utils.api')
042.173  000.383  000.136: require('cmp.utils.keymap')
042.174  000.453  000.071: require('cmp.utils.feedkeys')
042.619  000.063  000.063: require('cmp.types.cmp')
042.717  000.097  000.097: require('cmp.types.lsp')
042.763  000.045  000.045: require('cmp.types.vim')
042.764  000.256  000.051: require('cmp.types')
042.765  000.354  000.098: require('cmp.config.mapping')
042.821  000.055  000.055: require('cmp.utils.cache')
043.021  000.122  000.122: require('cmp.config.compare')
043.022  000.200  000.078: require('cmp.config.default')
043.028  000.728  000.119: require('cmp.config')
043.032  000.857  000.129: require('cmp.utils.async')
043.157  000.051  000.051: require('cmp.utils.pattern')
043.159  000.126  000.075: require('cmp.context')
043.723  000.184  000.184: require('cmp.utils.snippet')
043.845  000.122  000.122: require('cmp.matcher')
043.848  000.534  000.228: require('cmp.entry')
043.851  000.692  000.157: require('cmp.source')
044.033  000.060  000.060: require('cmp.utils.event')
044.310  000.050  000.050: require('cmp.utils.options')
044.312  000.188  000.137: require('cmp.utils.window')
044.313  000.279  000.091: require('cmp.view.docs_view')
044.589  000.071  000.071: require('cmp.utils.autocmd')
044.592  000.278  000.207: require('cmp.view.custom_entries_view')
044.721  000.129  000.129: require('cmp.view.wildmenu_entries_view')
044.820  000.098  000.098: require('cmp.view.native_entries_view')
044.916  000.096  000.096: require('cmp.view.ghost_text_view')
044.920  001.068  000.128: require('cmp.view')
045.202  003.944  000.513: require('cmp.core')
045.284  000.050  000.050: require('cmp.config.sources')
045.335  000.050  000.050: require('cmp.config.window')
045.349  004.256  000.213: require('cmp')
045.365  000.003  000.003: sourcing nvim_exec2() called at /Users/larsklemstein/.dotfiles/config/nvim/init.lua:0
046.067  000.056  000.056: require('luasnip.util.types')
046.121  000.054  000.054: require('luasnip.util.lazy_table')
046.195  000.073  000.073: require('luasnip.extras.filetype_functions')
046.199  000.292  000.109: require('luasnip.default_config')
046.200  000.356  000.065: require('luasnip.session')
046.255  000.054  000.054: require('luasnip.util.vimversion')
046.257  000.581  000.171: require('luasnip.util.util')
046.559  000.085  000.085: require('luasnip.util.ext_opts')
046.613  000.053  000.053: require('luasnip.nodes.key_indexer')
046.693  000.080  000.080: require('luasnip.util.feedkeys')
046.695  000.438  000.219: require('luasnip.nodes.util')
046.886  000.060  000.060: require('luasnip.session.snippet_collection.source')
046.943  000.056  000.056: require('luasnip.util.table')
047.010  000.067  000.067: require('luasnip.util.auto_table')
047.013  000.317  000.134: require('luasnip.session.snippet_collection')
047.317  000.094  000.094: require('luasnip.util.select')
047.373  000.055  000.055: require('luasnip.util.time')
047.534  000.417  000.267: require('luasnip.util._builtin_vars')
047.596  000.573  000.156: require('luasnip.util.environ')
047.664  000.067  000.067: require('luasnip.util.extend_decorator')
047.881  000.122  000.122: require('luasnip.util.path')
048.112  000.101  000.101: require('luasnip.util.log')
048.115  000.234  000.132: require('luasnip.loaders.util')
048.171  000.055  000.055: require('luasnip.loaders.data')
048.385  000.214  000.214: require('luasnip.loaders.fs_watchers')
048.387  000.722  000.098: require('luasnip.loaders')
048.480  000.085  000.085: require('luasnip.config')
048.481  003.115  000.333: require('luasnip')
048.737  000.060  000.060: require('luasnip.session.enqueueable_operations')
049.442  000.054  000.054: require('luasnip.util.events')
049.447  000.243  000.189: require('luasnip.nodes.node')
049.575  000.127  000.127: require('luasnip.nodes.insertNode')
049.643  000.068  000.068: require('luasnip.nodes.textNode')
049.741  000.097  000.097: require('luasnip.util.mark')
049.825  000.084  000.084: require('luasnip.util.pattern_tokenizer')
049.890  000.065  000.065: require('luasnip.util.dict')
050.338  000.366  000.366: require('luasnip.util.jsregexp')
050.340  000.449  000.083: require('luasnip.nodes.util.trig_engines')
050.357  001.538  000.406: require('luasnip.nodes.snippet')
050.720  000.090  000.090: require('luasnip.util.parser.neovim_ast')
050.818  000.096  000.096: require('luasnip.util.str')
051.105  000.286  000.286: require('luasnip.util.jsregexp')
051.214  000.108  000.108: require('luasnip.util.directed_graph')
051.216  000.729  000.149: require('luasnip.util.parser.ast_utils')
051.330  000.114  000.114: require('luasnip.nodes.functionNode')
051.484  000.153  000.153: require('luasnip.nodes.choiceNode')
051.622  000.138  000.138: require('luasnip.nodes.dynamicNode')
051.687  000.064  000.064: require('luasnip.util.functions')
051.689  001.331  000.134: require('luasnip.util.parser.ast_parser')
051.867  000.177  000.177: require('luasnip.util.parser.neovim_parser')
051.870  003.133  000.087: require('luasnip.util.parser')
051.944  000.074  000.074: require('luasnip.nodes.snippetProxy')
052.146  000.201  000.201: require('luasnip.util.jsonc')
052.276  000.065  000.065: require('luasnip.nodes.duplicate')
052.277  000.129  000.065: require('luasnip.loaders.snippet_cache')
052.281  003.799  000.203: require('luasnip.loaders.from_vscode')
052.643  000.170  000.170: require('vim.version')
055.849  000.079  000.079: require('luasnip.nodes.multiSnippet')
056.779  000.359  000.359: require('vim.lsp.handlers')
057.492  016.495  004.714: require('config.cmp')
057.558  000.065  000.065: require('config.message_line')
057.908  000.109  000.109: require('vague.config.internal')
057.910  000.191  000.082: require('vague')
057.995  000.084  000.084: sourcing nvim_exec2() called at /Users/larsklemstein/.local/share/nvim/plugged/vague.nvim/colors/vague.lua:0
058.060  000.063  000.063: sourcing nvim_exec2() called at /Users/larsklemstein/.local/share/nvim/plugged/vague.nvim/colors/vague.lua:0
058.349  000.125  000.125: require('vague.groups.common')
058.494  000.066  000.066: require('vague.utilities')
058.495  000.137  000.071: require('vague.groups.diff')
058.566  000.064  000.064: require('vague.groups.cmp')
058.640  000.062  000.062: require('vague.groups.blink')
058.776  000.070  000.070: require('vague.groups.syntax')
058.864  000.087  000.087: require('vague.groups.treesitter')
058.864  000.221  000.064: require('vague.groups.lsp-native')
058.938  000.067  000.067: require('vague.groups.lsp-plugin')
058.995  000.055  000.055: require('vague.groups.gitsigns')
059.054  000.058  000.058: require('vague.groups.neotest')
059.107  000.053  000.053: require('vague.groups.mini')
059.168  000.060  000.060: require('vague.groups.neotree')
059.225  000.054  000.054: require('vague.groups.telescope')
059.323  000.053  000.053: require('vague.groups.treesitter-context')
059.377  000.053  000.053: require('vague.groups.dashboard')
059.437  000.059  000.059: require('vague.groups.snacks-picker')
059.491  000.053  000.053: require('vague.groups.snacks-input')
059.544  000.052  000.052: require('vague.groups.snacks-indent')
059.601  000.057  000.057: require('vague.groups.rainbow-delimiters')
059.653  000.051  000.051: require('vague.groups.vim-better-whitespace')
059.654  001.508  000.174: require('vague.groups')
059.655  001.594  000.086: require('vague.highlights')
060.183  000.060  000.060: require('vague.terminal')
060.187  002.480  000.488: sourcing /Users/larsklemstein/.local/share/nvim/plugged/vague.nvim/colors/vague.lua
060.940  000.005  000.005: sourcing nvim_exec2() called at ColorScheme Autocommands for "*":0
061.184  000.064  000.064: require('vague.groups.lualine')
061.187  000.001  000.001: sourcing nvim_exec2() called at ColorScheme Autocommands for "*":0
061.189  000.001  000.001: sourcing nvim_exec2() called at ColorScheme Autocommands for "*":0
061.190  000.000  000.000: sourcing nvim_exec2() called at ColorScheme Autocommands for "*":0
061.192  000.001  000.001: sourcing nvim_exec2() called at ColorScheme Autocommands for "*":0
061.193  000.000  000.000: sourcing nvim_exec2() called at ColorScheme Autocommands for "*":0
061.194  000.000  000.000: sourcing nvim_exec2() called at ColorScheme Autocommands for "*":0
061.195  000.000  000.000: sourcing nvim_exec2() called at ColorScheme Autocommands for "*":0
061.196  000.000  000.000: sourcing nvim_exec2() called at ColorScheme Autocommands for "*":0
061.197  000.000  000.000: sourcing nvim_exec2() called at ColorScheme Autocommands for "*":0
061.198  000.000  000.000: sourcing nvim_exec2() called at ColorScheme Autocommands for "*":0
061.205  000.001  000.001: sourcing nvim_exec2() called at ColorScheme Autocommands for "*":0
061.207  000.000  000.000: sourcing nvim_exec2() called at ColorScheme Autocommands for "*":0
061.208  000.000  000.000: sourcing nvim_exec2() called at ColorScheme Autocommands for "*":0
061.210  000.000  000.000: sourcing nvim_exec2() called at ColorScheme Autocommands for "*":0
061.211  000.000  000.000: sourcing nvim_exec2() called at ColorScheme Autocommands for "*":0
061.212  000.000  000.000: sourcing nvim_exec2() called at ColorScheme Autocommands for "*":0
061.213  000.000  000.000: sourcing nvim_exec2() called at ColorScheme Autocommands for "*":0
061.214  000.000  000.000: sourcing nvim_exec2() called at ColorScheme Autocommands for "*":0
061.215  000.000  000.000: sourcing nvim_exec2() called at ColorScheme Autocommands for "*":0
061.216  000.000  000.000: sourcing nvim_exec2() called at ColorScheme Autocommands for "*":0
061.217  000.000  000.000: sourcing nvim_exec2() called at ColorScheme Autocommands for "*":0
061.218  000.000  000.000: sourcing nvim_exec2() called at ColorScheme Autocommands for "*":0
061.219  000.000  000.000: sourcing nvim_exec2() called at ColorScheme Autocommands for "*":0
061.220  000.000  000.000: sourcing nvim_exec2() called at ColorScheme Autocommands for "*":0
061.221  000.000  000.000: sourcing nvim_exec2() called at ColorScheme Autocommands for "*":0
061.222  000.000  000.000: sourcing nvim_exec2() called at ColorScheme Autocommands for "*":0
061.223  000.000  000.000: sourcing nvim_exec2() called at ColorScheme Autocommands for "*":0
061.224  000.000  000.000: sourcing nvim_exec2() called at ColorScheme Autocommands for "*":0
061.225  000.000  000.000: sourcing nvim_exec2() called at ColorScheme Autocommands for "*":0
061.226  000.000  000.000: sourcing nvim_exec2() called at ColorScheme Autocommands for "*":0
061.227  000.000  000.000: sourcing nvim_exec2() called at ColorScheme Autocommands for "*":0
061.228  000.000  000.000: sourcing nvim_exec2() called at ColorScheme Autocommands for "*":0
061.229  000.000  000.000: sourcing nvim_exec2() called at ColorScheme Autocommands for "*":0
061.230  000.000  000.000: sourcing nvim_exec2() called at ColorScheme Autocommands for "*":0
061.231  000.000  000.000: sourcing nvim_exec2() called at ColorScheme Autocommands for "*":0
061.242  000.001  000.001: sourcing nvim_exec2() called at ColorScheme Autocommands for "*":0
061.244  000.000  000.000: sourcing nvim_exec2() called at ColorScheme Autocommands for "*":0
061.245  000.001  000.001: sourcing nvim_exec2() called at ColorScheme Autocommands for "*":0
061.246  000.000  000.000: sourcing nvim_exec2() called at ColorScheme Autocommands for "*":0
061.247  000.000  000.000: sourcing nvim_exec2() called at ColorScheme Autocommands for "*":0
061.248  000.000  000.000: sourcing nvim_exec2() called at ColorScheme Autocommands for "*":0
061.249  000.000  000.000: sourcing nvim_exec2() called at ColorScheme Autocommands for "*":0
061.250  000.000  000.000: sourcing nvim_exec2() called at ColorScheme Autocommands for "*":0
061.251  000.001  000.001: sourcing nvim_exec2() called at ColorScheme Autocommands for "*":0
061.252  000.000  000.000: sourcing nvim_exec2() called at ColorScheme Autocommands for "*":0
061.253  000.000  000.000: sourcing nvim_exec2() called at ColorScheme Autocommands for "*":0
061.254  000.000  000.000: sourcing nvim_exec2() called at ColorScheme Autocommands for "*":0
061.255  000.000  000.000: sourcing nvim_exec2() called at ColorScheme Autocommands for "*":0
061.256  000.000  000.000: sourcing nvim_exec2() called at ColorScheme Autocommands for "*":0
061.257  000.000  000.000: sourcing nvim_exec2() called at ColorScheme Autocommands for "*":0
061.258  000.000  000.000: sourcing nvim_exec2() called at ColorScheme Autocommands for "*":0
061.259  000.000  000.000: sourcing nvim_exec2() called at ColorScheme Autocommands for "*":0
061.260  000.000  000.000: sourcing nvim_exec2() called at ColorScheme Autocommands for "*":0
061.261  000.000  000.000: sourcing nvim_exec2() called at ColorScheme Autocommands for "*":0
061.262  000.000  000.000: sourcing nvim_exec2() called at ColorScheme Autocommands for "*":0
061.263  000.000  000.000: sourcing nvim_exec2() called at ColorScheme Autocommands for "*":0
061.264  000.001  000.001: sourcing nvim_exec2() called at ColorScheme Autocommands for "*":0
061.266  000.000  000.000: sourcing nvim_exec2() called at ColorScheme Autocommands for "*":0
061.267  000.000  000.000: sourcing nvim_exec2() called at ColorScheme Autocommands for "*":0
061.268  000.000  000.000: sourcing nvim_exec2() called at ColorScheme Autocommands for "*":0
061.269  000.000  000.000: sourcing nvim_exec2() called at ColorScheme Autocommands for "*":0
061.270  000.000  000.000: sourcing nvim_exec2() called at ColorScheme Autocommands for "*":0
061.271  000.000  000.000: sourcing nvim_exec2() called at ColorScheme Autocommands for "*":0
061.272  000.000  000.000: sourcing nvim_exec2() called at ColorScheme Autocommands for "*":0
061.273  000.000  000.000: sourcing nvim_exec2() called at ColorScheme Autocommands for "*":0
061.274  000.000  000.000: sourcing nvim_exec2() called at ColorScheme Autocommands for "*":0
061.275  000.000  000.000: sourcing nvim_exec2() called at ColorScheme Autocommands for "*":0
061.276  000.000  000.000: sourcing nvim_exec2() called at ColorScheme Autocommands for "*":0
061.277  000.000  000.000: sourcing nvim_exec2() called at ColorScheme Autocommands for "*":0
061.278  000.000  000.000: sourcing nvim_exec2() called at ColorScheme Autocommands for "*":0
061.279  000.000  000.000: sourcing nvim_exec2() called at ColorScheme Autocommands for "*":0
061.289  000.001  000.001: sourcing nvim_exec2() called at ColorScheme Autocommands for "*":0
061.294  000.001  000.001: sourcing nvim_exec2() called at ColorScheme Autocommands for "*":0
061.297  000.001  000.001: sourcing nvim_exec2() called at ColorScheme Autocommands for "*":0
061.299  000.001  000.001: sourcing nvim_exec2() called at ColorScheme Autocommands for "*":0
061.302  000.001  000.001: sourcing nvim_exec2() called at ColorScheme Autocommands for "*":0
061.304  000.001  000.001: sourcing nvim_exec2() called at ColorScheme Autocommands for "*":0
061.306  000.001  000.001: sourcing nvim_exec2() called at ColorScheme Autocommands for "*":0
061.309  000.001  000.001: sourcing nvim_exec2() called at ColorScheme Autocommands for "*":0
061.311  000.001  000.001: sourcing nvim_exec2() called at ColorScheme Autocommands for "*":0
061.313  000.001  000.001: sourcing nvim_exec2() called at ColorScheme Autocommands for "*":0
061.315  000.001  000.001: sourcing nvim_exec2() called at ColorScheme Autocommands for "*":0
061.317  000.001  000.001: sourcing nvim_exec2() called at ColorScheme Autocommands for "*":0
061.319  000.001  000.001: sourcing nvim_exec2() called at ColorScheme Autocommands for "*":0
061.323  000.003  000.003: sourcing nvim_exec2() called at ColorScheme Autocommands for "*":0
061.362  000.001  000.001: sourcing nvim_exec2() called at ColorScheme Autocommands for "*":0
061.365  000.001  000.001: sourcing nvim_exec2() called at ColorScheme Autocommands for "*":0
061.401  000.004  000.004: sourcing nvim_exec2() called at ColorScheme Autocommands for "*":0
061.405  000.001  000.001: sourcing nvim_exec2() called at ColorScheme Autocommands for "*":0
061.409  000.001  000.001: sourcing nvim_exec2() called at ColorScheme Autocommands for "*":0
061.411  000.001  000.001: sourcing nvim_exec2() called at ColorScheme Autocommands for "*":0
061.415  000.001  000.001: sourcing nvim_exec2() called at ColorScheme Autocommands for "*":0
061.417  000.001  000.001: sourcing nvim_exec2() called at ColorScheme Autocommands for "*":0
061.419  000.001  000.001: sourcing nvim_exec2() called at ColorScheme Autocommands for "*":0
061.423  000.001  000.001: sourcing nvim_exec2() called at ColorScheme Autocommands for "*":0
061.425  000.001  000.001: sourcing nvim_exec2() called at ColorScheme Autocommands for "*":0
061.427  000.001  000.001: sourcing nvim_exec2() called at ColorScheme Autocommands for "*":0
061.429  000.001  000.001: sourcing nvim_exec2() called at ColorScheme Autocommands for "*":0
061.431  000.001  000.001: sourcing nvim_exec2() called at ColorScheme Autocommands for "*":0
061.433  000.001  000.001: sourcing nvim_exec2() called at ColorScheme Autocommands for "*":0
061.436  000.001  000.001: sourcing nvim_exec2() called at ColorScheme Autocommands for "*":0
061.439  000.001  000.001: sourcing nvim_exec2() called at ColorScheme Autocommands for "*":0
061.441  000.001  000.001: sourcing nvim_exec2() called at ColorScheme Autocommands for "*":0
061.443  000.001  000.001: sourcing nvim_exec2() called at ColorScheme Autocommands for "*":0
061.445  000.001  000.001: sourcing nvim_exec2() called at ColorScheme Autocommands for "*":0
061.447  000.001  000.001: sourcing nvim_exec2() called at ColorScheme Autocommands for "*":0
061.449  000.001  000.001: sourcing nvim_exec2() called at ColorScheme Autocommands for "*":0
061.451  000.001  000.001: sourcing nvim_exec2() called at ColorScheme Autocommands for "*":0
061.455  000.002  000.002: sourcing nvim_exec2() called at ColorScheme Autocommands for "*":0
061.457  000.001  000.001: sourcing nvim_exec2() called at ColorScheme Autocommands for "*":0
061.459  000.001  000.001: sourcing nvim_exec2() called at ColorScheme Autocommands for "*":0
061.461  000.001  000.001: sourcing nvim_exec2() called at ColorScheme Autocommands for "*":0
061.675  000.001  000.001: sourcing nvim_exec2() called at ColorScheme Autocommands for "*":0
061.678  000.001  000.001: sourcing nvim_exec2() called at ColorScheme Autocommands for "*":0
061.699  000.001  000.001: sourcing nvim_exec2() called at ColorScheme Autocommands for "*":0
061.701  000.001  000.001: sourcing nvim_exec2() called at ColorScheme Autocommands for "*":0
061.703  000.001  000.001: sourcing nvim_exec2() called at ColorScheme Autocommands for "*":0
061.705  000.001  000.001: sourcing nvim_exec2() called at ColorScheme Autocommands for "*":0
061.708  000.001  000.001: sourcing nvim_exec2() called at ColorScheme Autocommands for "*":0
061.711  000.001  000.001: sourcing nvim_exec2() called at ColorScheme Autocommands for "*":0
061.713  000.001  000.001: sourcing nvim_exec2() called at ColorScheme Autocommands for "*":0
061.715  000.001  000.001: sourcing nvim_exec2() called at ColorScheme Autocommands for "*":0
061.725  000.001  000.001: sourcing nvim_exec2() called at ColorScheme Autocommands for "*":0
061.727  000.001  000.001: sourcing nvim_exec2() called at ColorScheme Autocommands for "*":0
061.730  000.001  000.001: sourcing nvim_exec2() called at ColorScheme Autocommands for "*":0
061.732  000.001  000.001: sourcing nvim_exec2() called at ColorScheme Autocommands for "*":0
061.735  000.001  000.001: sourcing nvim_exec2() called at ColorScheme Autocommands for "*":0
061.737  000.001  000.001: sourcing nvim_exec2() called at ColorScheme Autocommands for "*":0
061.739  000.001  000.001: sourcing nvim_exec2() called at ColorScheme Autocommands for "*":0
061.741  000.001  000.001: sourcing nvim_exec2() called at ColorScheme Autocommands for "*":0
061.743  000.001  000.001: sourcing nvim_exec2() called at ColorScheme Autocommands for "*":0
061.745  000.001  000.001: sourcing nvim_exec2() called at ColorScheme Autocommands for "*":0
061.768  000.001  000.001: sourcing nvim_exec2() called at ColorScheme Autocommands for "*":0
061.771  000.001  000.001: sourcing nvim_exec2() called at ColorScheme Autocommands for "*":0
061.774  000.001  000.001: sourcing nvim_exec2() called at ColorScheme Autocommands for "*":0
061.777  000.001  000.001: sourcing nvim_exec2() called at ColorScheme Autocommands for "*":0
061.779  000.001  000.001: sourcing nvim_exec2() called at ColorScheme Autocommands for "*":0
061.782  000.001  000.001: sourcing nvim_exec2() called at ColorScheme Autocommands for "*":0
061.784  000.001  000.001: sourcing nvim_exec2() called at ColorScheme Autocommands for "*":0
061.786  000.001  000.001: sourcing nvim_exec2() called at ColorScheme Autocommands for "*":0
061.820  000.004  000.004: sourcing nvim_exec2() called at ColorScheme Autocommands for "*":0
061.825  000.002  000.002: sourcing nvim_exec2() called at ColorScheme Autocommands for "*":0
061.830  000.004  000.004: sourcing nvim_exec2() called at ColorScheme Autocommands for "*":0
061.834  000.002  000.002: sourcing nvim_exec2() called at ColorScheme Autocommands for "*":0
061.837  000.002  000.002: sourcing nvim_exec2() called at ColorScheme Autocommands for "*":0
061.841  004.238  001.590: sourcing nvim_exec2() called at /Users/larsklemstein/.dotfiles/config/nvim/init.lua:0
061.842  004.282  000.044: require('config.set_colorscheme')
061.852  055.802  000.052: sourcing /Users/larsklemstein/.config/nvim/init.lua
061.855  000.241: sourcing vimrc file(s)
062.614  000.515  000.515: sourcing /Users/larsklemstein/.local/share/nvim/plugged/nvim-lspconfig/plugin/lspconfig.lua
062.711  000.011  000.011: sourcing /Users/larsklemstein/.local/share/nvim/plugged/plenary.nvim/plugin/plenary.vim
062.874  000.084  000.084: sourcing /Users/larsklemstein/.local/share/nvim/plugged/telescope.nvim/plugin/telescope.lua
062.979  000.012  000.012: sourcing /Users/larsklemstein/.local/share/nvim/plugged/nvim-web-devicons/plugin/nvim-web-devicons.vim
063.456  000.393  000.393: require('gitsigns')
063.642  000.169  000.169: require('gitsigns.highlight')
063.746  000.101  000.101: require('gitsigns.debug.log')
063.906  000.160  000.160: require('gitsigns.config')
064.157  000.060  000.060: require('gitsigns.debounce')
064.161  001.105  000.223: sourcing /Users/larsklemstein/.local/share/nvim/plugged/gitsigns.nvim/plugin/gitsigns.lua
064.274  000.048  000.048: sourcing /Users/larsklemstein/.local/share/nvim/plugged/vim-commentary/plugin/commentary.vim
064.405  000.070  000.070: sourcing /Users/larsklemstein/.local/share/nvim/plugged/lazygit.nvim/plugin/lazygit.vim
064.571  000.057  000.057: require('cmp.utils.highlight')
064.679  000.001  000.001: sourcing nvim_exec2() called at /Users/larsklemstein/.local/share/nvim/plugged/nvim-cmp/plugin/cmp.lua:0
064.679  000.199  000.141: sourcing /Users/larsklemstein/.local/share/nvim/plugged/nvim-cmp/plugin/cmp.lua
064.836  000.009  000.009: sourcing /Users/larsklemstein/.local/share/nvim/plugged/LuaSnip/plugin/luasnip.vim
065.366  000.479  000.479: require('vim.filetype')
065.433  000.578  000.099: sourcing /Users/larsklemstein/.local/share/nvim/plugged/LuaSnip/plugin/luasnip.lua
066.056  000.065  000.065: sourcing /opt/homebrew/Cellar/neovim/0.11.4/share/nvim/runtime/plugin/gzip.vim
066.506  000.058  000.058: sourcing /opt/homebrew/Cellar/neovim/0.11.4/share/nvim/runtime/pack/dist/opt/matchit/plugin/matchit.vim
066.526  000.449  000.391: sourcing /opt/homebrew/Cellar/neovim/0.11.4/share/nvim/runtime/plugin/matchit.vim
066.552  000.005  000.005: sourcing /opt/homebrew/Cellar/neovim/0.11.4/share/nvim/runtime/plugin/matchparen.vim
066.576  000.003  000.003: sourcing /opt/homebrew/Cellar/neovim/0.11.4/share/nvim/runtime/plugin/netrwPlugin.vim
066.646  000.049  000.049: sourcing /opt/homebrew/Cellar/neovim/0.11.4/share/nvim/runtime/plugin/rplugin.vim
066.686  000.019  000.019: sourcing /opt/homebrew/Cellar/neovim/0.11.4/share/nvim/runtime/plugin/shada.vim
066.715  000.007  000.007: sourcing /opt/homebrew/Cellar/neovim/0.11.4/share/nvim/runtime/plugin/spellfile.vim
066.767  000.029  000.029: sourcing /opt/homebrew/Cellar/neovim/0.11.4/share/nvim/runtime/plugin/tarPlugin.vim
066.795  000.006  000.006: sourcing /opt/homebrew/Cellar/neovim/0.11.4/share/nvim/runtime/plugin/tutor.vim
066.855  000.036  000.036: sourcing /opt/homebrew/Cellar/neovim/0.11.4/share/nvim/runtime/plugin/zipPlugin.vim
066.895  000.017  000.017: sourcing /opt/homebrew/Cellar/neovim/0.11.4/share/nvim/runtime/plugin/editorconfig.lua
066.942  000.024  000.024: sourcing /opt/homebrew/Cellar/neovim/0.11.4/share/nvim/runtime/plugin/man.lua
066.994  000.028  000.028: sourcing /opt/homebrew/Cellar/neovim/0.11.4/share/nvim/runtime/plugin/osc52.lua
067.032  000.015  000.015: sourcing /opt/homebrew/Cellar/neovim/0.11.4/share/nvim/runtime/plugin/tohtml.lua
067.052  001.812: loading rtp plugins
067.173  000.121: loading packages
067.508  000.009  000.009: sourcing /Users/larsklemstein/.local/share/nvim/plugged/cmp-nvim-lsp/after/plugin/cmp_nvim_lsp.lua
067.890  000.056  000.056: require('cmp_buffer.timer')
067.892  000.184  000.128: require('cmp_buffer.buffer')
067.893  000.262  000.079: require('cmp_buffer.source')
067.894  000.324  000.062: require('cmp_buffer')
067.904  000.344  000.019: sourcing /Users/larsklemstein/.local/share/nvim/plugged/cmp-buffer/after/plugin/cmp_buffer.lua
068.093  000.125  000.125: require('cmp_path')
068.098  000.138  000.013: sourcing /Users/larsklemstein/.local/share/nvim/plugged/cmp-path/after/plugin/cmp_path.lua
068.290  000.129  000.129: require('cmp_cmdline')
068.295  000.142  000.013: sourcing /Users/larsklemstein/.local/share/nvim/plugged/cmp-cmdline/after/plugin/cmp_cmdline.lua
068.490  000.122  000.122: require('cmp_luasnip')
068.498  000.143  000.022: sourcing /Users/larsklemstein/.local/share/nvim/plugged/cmp_luasnip/after/plugin/cmp_luasnip.lua
068.695  000.123  000.123: require('cmp_nvim_lsp_signature_help')
068.700  000.136  000.013: sourcing /Users/larsklemstein/.local/share/nvim/plugged/cmp-nvim-lsp-signature-help/after/plugin/cmp_nvim_lsp_signature_help.lua
068.702  000.616: loading after plugins
068.706  000.004: inits 3
069.736  001.030: reading ShaDa
071.343  000.024  000.024: sourcing /opt/homebrew/Cellar/neovim/0.11.4/share/nvim/runtime/ftplugin/go.vim
071.754  000.018  000.018: sourcing /opt/homebrew/Cellar/neovim/0.11.4/share/nvim/runtime/indent/go.vim
073.235  000.093  000.093: require('nvim-treesitter.utils')
074.816  000.091  000.091: require('vim.treesitter.language')
074.878  000.061  000.061: require('vim.func')
074.955  000.076  000.076: require('vim.func._memoize')
074.980  000.563  000.336: require('vim.treesitter.query')
075.071  000.090  000.090: require('vim.treesitter._range')
075.077  000.978  000.325: require('vim.treesitter.languagetree')
075.080  001.153  000.175: require('vim.treesitter')
075.320  002.085  000.931: require('nvim-treesitter.parsers')
075.742  000.046  000.046: require('nvim-treesitter.compat')
075.960  000.145  000.145: require('nvim-treesitter.ts_utils')
075.962  000.220  000.075: require('nvim-treesitter.tsrange')
076.013  000.050  000.050: require('nvim-treesitter.caching')
076.017  000.452  000.137: require('nvim-treesitter.query')
076.034  000.631  000.179: require('nvim-treesitter.configs')
076.036  000.715  000.084: require('nvim-treesitter.info')
076.152  000.116  000.116: require('nvim-treesitter.shell_command_selectors')
076.175  003.288  000.280: require('nvim-treesitter.install')
076.224  000.048  000.048: require('nvim-treesitter.statusline')
076.297  000.073  000.073: require('nvim-treesitter.query_predicates')
076.298  003.748  000.339: require('nvim-treesitter')
076.544  004.010  000.263: sourcing /Users/larsklemstein/.local/share/nvim/plugged/nvim-treesitter/plugin/nvim-treesitter.lua
077.092  000.033  000.033: sourcing /opt/homebrew/Cellar/neovim/0.11.4/share/nvim/runtime/ftplugin/go.vim
077.470  000.009  000.009: sourcing /opt/homebrew/Cellar/neovim/0.11.4/share/nvim/runtime/indent/go.vim
078.334  000.375  000.375: sourcing /opt/homebrew/Cellar/neovim/0.11.4/share/nvim/runtime/syntax/go.vim
078.593  000.088  000.088: require('vim.uri')
078.918  000.312  000.312: require('vim.lsp.client')
079.201  000.138  000.138: require('vim._system')
081.248  000.147  000.147: require('nvim-treesitter.indent')
081.408  000.052  000.052: require('nvim-treesitter.highlight')
083.636  000.243  000.243: require('vim.treesitter.highlighter')
085.809  000.150  000.150: require('nvim-treesitter.locals')
085.813  000.291  000.141: require('nvim-treesitter.incremental_selection')
086.556  000.208  000.208: require('luasnip.loaders.from_lua')
086.783  000.226  000.226: require('luasnip.loaders.from_snipmate')
089.844  000.251  000.251: require('gitsigns.async')
090.336  000.244  000.244: require('gitsigns.util')
090.339  000.494  000.250: require('gitsigns.hunks')
090.609  000.052  000.052: require('gitsigns.diff')
090.721  000.111  000.111: require('gitsigns.signs')
090.791  000.070  000.070: require('gitsigns.status')
090.975  000.183  000.183: require('gitsigns.cache')
090.986  000.647  000.231: require('gitsigns.manager')
091.041  000.055  000.055: require('gitsigns.message')
091.106  000.064  000.064: require('gitsigns.repeat')
091.147  001.873  000.362: require('gitsigns.actions')
092.084  000.060  000.060: require('gitsigns.system')
092.085  000.152  000.092: require('gitsigns.git.cmd')
092.153  000.067  000.067: require('gitsigns.git.errors')
092.253  000.100  000.100: require('gitsigns.git.version')
092.268  000.667  000.349: require('gitsigns.git.repo')
092.273  000.850  000.183: require('gitsigns.git')
092.284  001.134  000.283: require('gitsigns.attach')
092.499  000.201  000.201: require('gitsigns.current_line_blame')
093.831  000.289  000.289: require('editorconfig')
094.892  015.485: opening buffers
095.234  000.342: BufEnter autocommands
095.236  000.002: editing files in windows
095.665  000.277  000.277: require('lint')
137.956  042.285  042.285: require('lint.linters.golangcilint')
137.960  042.676  000.114: require('config.lint')
137.967  000.054: VimEnter autocommands
138.133  000.166: UIEnter autocommands
138.399  000.114  000.114: sourcing /opt/homebrew/Cellar/neovim/0.11.4/share/nvim/runtime/autoload/provider/clipboard.vim
138.402  000.155: before starting main loop
138.803  000.233  000.233: require('vim.hl')
139.215  000.580: first screen update
139.215  000.001: --- NVIM STARTED ---

